<?xml version="1.0" encoding="UTF-8"?>
<robot generator="Robot 7.0.1 (Python 3.11.2 on win32)" generated="2024-10-25T20:45:00.977396" rpa="false" schemaversion="5">
<suite id="s1" name="Selecionar Produto Mobile Ddt" source="C:\Iterasys\RobotSauceDemo140\tests\mobile\selecionar_produto_mobile_ddt.robot">
<kw name="Open Application" owner="AppiumLibrary" type="SETUP">
<arg>${REMOTE_URL}</arg>
<arg>platformName=Android</arg>
<arg>appium:platformVersion=9.0</arg>
<arg>appium:deviceName=Samsung Galaxy S9 FHD GoogleAPI Emulator</arg>
<arg>appium:deviceOrientation=portrait</arg>
<arg>appium:app=storage:filename=mda-2.0.2-23.apk</arg>
<arg>appium:appPackage=com.saucelabs.mydemoapp.android</arg>
<arg>appium:appActivity=com.saucelabs.mydemoapp.android.view.activities.SplashActivity</arg>
<arg>browserName=</arg>
<arg>appium:ensureWebviewsHavePages=${True}</arg>
<arg>appium:nativeWebScreenshot=${True}</arg>
<arg>appium:newCommandTimeout=${3600}</arg>
<arg>appium:connectHardwareKeyboard=${True}</arg>
<doc>Opens a new application to given Appium server.
Capabilities of appium server, Android and iOS,
Please check https://appium.io/docs/en/2.1/cli/args/
| *Option*            | *Man.* | *Description*     |
| remote_url          | Yes    | Appium server url |
| alias               | no     | alias             |
| strict_ssl          | No     | allows you to send commands to an invalid certificate host like a self-signed one. |</doc>
<status status="PASS" start="2024-10-25T20:45:01.149623" elapsed="39.289216"/>
</kw>
<test id="s1-t1" name="TC001" line="30">
<kw name="Selecionar Produto">
<kw name="Set Variable" owner="BuiltIn">
<msg time="2024-10-25T20:45:40.438839" level="INFO">${img_produto} = xpath=//android.widget.ImageView[@content-desc="Sauce Labs Backpack"]</msg>
<var>${img_produto}</var>
<arg>xpath=//android.widget.ImageView[@content-desc="${product_name}"]</arg>
<doc>Returns the given values which can then be assigned to a variables.</doc>
<status status="PASS" start="2024-10-25T20:45:40.438839" elapsed="0.000000"/>
</kw>
<for flavor="IN RANGE">
<iter>
<kw name="Swipe" owner="AppiumLibrary">
<arg>${470}</arg>
<arg>${1876}</arg>
<arg>${457}</arg>
<arg>${1224}</arg>
<doc>Swipe from one point to another point, for an optional duration.</doc>
<status status="NOT RUN" start="2024-10-25T20:45:40.438839" elapsed="0.000000"/>
</kw>
<var name="${counter}"/>
<status status="NOT RUN" start="2024-10-25T20:45:40.438839" elapsed="0.000000"/>
</iter>
<var>${counter}</var>
<value>${swipe_count}</value>
<status status="NOT RUN" start="2024-10-25T20:45:40.438839" elapsed="0.000000"/>
</for>
<kw name="Click Element" owner="AppiumLibrary">
<msg time="2024-10-25T20:45:40.438839" level="INFO">Clicking element 'xpath=//android.widget.ImageView[@content-desc="Sauce Labs Backpack"]'.</msg>
<msg time="2024-10-25T20:45:43.126563" level="INFO">xpath criteria: //android.widget.ImageView[@content-desc="Sauce Labs Backpack"]</msg>
<arg>${img_produto}</arg>
<doc>Click element identified by `locator`.</doc>
<status status="PASS" start="2024-10-25T20:45:40.438839" elapsed="2.687724"/>
</kw>
<kw name="Swipe" owner="AppiumLibrary">
<arg>${470}</arg>
<arg>${1876}</arg>
<arg>${457}</arg>
<arg>${1224}</arg>
<doc>Swipe from one point to another point, for an optional duration.</doc>
<status status="PASS" start="2024-10-25T20:45:43.126563" elapsed="1.652845"/>
</kw>
<kw name="Set Variable" owner="BuiltIn">
<msg time="2024-10-25T20:45:44.779408" level="INFO">${btn_adicionar_carrinho} = xpath=//android.widget.Button[@content-desc="Tap to add product to cart"]</msg>
<var>${btn_adicionar_carrinho}</var>
<arg>xpath=//android.widget.Button[@content-desc="Tap to add product to cart"]</arg>
<doc>Returns the given values which can then be assigned to a variables.</doc>
<status status="PASS" start="2024-10-25T20:45:44.779408" elapsed="0.000000"/>
</kw>
<kw name="Wait Until Element Is Visible" owner="AppiumLibrary">
<msg time="2024-10-25T20:45:46.017176" level="INFO">xpath criteria: //android.widget.Button[@content-desc="Tap to add product to cart"]</msg>
<arg>${btn_adicionar_carrinho}</arg>
<doc>Waits until element specified with `locator` is visible.</doc>
<status status="PASS" start="2024-10-25T20:45:44.779408" elapsed="1.237768"/>
</kw>
<kw name="Click Element" owner="AppiumLibrary">
<msg time="2024-10-25T20:45:46.017176" level="INFO">Clicking element 'xpath=//android.widget.Button[@content-desc="Tap to add product to cart"]'.</msg>
<msg time="2024-10-25T20:45:47.680716" level="INFO">xpath criteria: //android.widget.Button[@content-desc="Tap to add product to cart"]</msg>
<arg>${btn_adicionar_carrinho}</arg>
<doc>Click element identified by `locator`.</doc>
<status status="PASS" start="2024-10-25T20:45:46.017176" elapsed="1.663540"/>
</kw>
<kw name="Set Variable" owner="BuiltIn">
<msg time="2024-10-25T20:45:47.680716" level="INFO">${ico_carrinho} = xpath=//android.widget.RelativeLayout[@content-desc="Displays number of items in your cart"]/android.widget.ImageView</msg>
<var>${ico_carrinho}</var>
<arg>xpath=//android.widget.RelativeLayout[@content-desc="Displays number of items in your cart"]/android.widget.ImageView</arg>
<doc>Returns the given values which can then be assigned to a variables.</doc>
<status status="PASS" start="2024-10-25T20:45:47.680716" elapsed="0.000000"/>
</kw>
<kw name="Click Element" owner="AppiumLibrary">
<msg time="2024-10-25T20:45:47.696337" level="INFO">Clicking element 'xpath=//android.widget.RelativeLayout[@content-desc="Displays number of items in your cart"]/android.widget.ImageView'.</msg>
<msg time="2024-10-25T20:45:49.377352" level="INFO">xpath criteria: //android.widget.RelativeLayout[@content-desc="Displays number of items in your cart"]/android.widget.ImageView</msg>
<arg>${ico_carrinho}</arg>
<doc>Click element identified by `locator`.</doc>
<status status="PASS" start="2024-10-25T20:45:47.680716" elapsed="1.696636"/>
</kw>
<kw name="Set Variable" owner="BuiltIn">
<msg time="2024-10-25T20:45:49.377352" level="INFO">${lbl_nome_produto} = xpath=//android.widget.TextView[@resource-id="com.saucelabs.mydemoapp.android:id/titleTV"]</msg>
<var>${lbl_nome_produto}</var>
<arg>xpath=//android.widget.TextView[@resource-id="com.saucelabs.mydemoapp.android:id/titleTV"]</arg>
<doc>Returns the given values which can then be assigned to a variables.</doc>
<status status="PASS" start="2024-10-25T20:45:49.377352" elapsed="0.000000"/>
</kw>
<kw name="Element Text Should Be" owner="AppiumLibrary">
<msg time="2024-10-25T20:45:49.377352" level="INFO">Verifying element 'xpath=//android.widget.TextView[@resource-id="com.saucelabs.mydemoapp.android:id/titleTV"]' contains exactly text 'Sauce Labs Backpack'.</msg>
<msg time="2024-10-25T20:45:50.210484" level="INFO">xpath criteria: //android.widget.TextView[@resource-id="com.saucelabs.mydemoapp.android:id/titleTV"]</msg>
<arg>${lbl_nome_produto}</arg>
<arg>${product_name}</arg>
<doc>Verifies element identified by ``locator`` exactly contains text ``expected``.</doc>
<status status="PASS" start="2024-10-25T20:45:49.377352" elapsed="0.833132"/>
</kw>
<kw name="Set Variable" owner="BuiltIn">
<msg time="2024-10-25T20:45:50.210484" level="INFO">${lbl_preco_produto} = id=com.saucelabs.mydemoapp.android:id/priceTV</msg>
<var>${lbl_preco_produto}</var>
<arg>id=com.saucelabs.mydemoapp.android:id/priceTV</arg>
<doc>Returns the given values which can then be assigned to a variables.</doc>
<status status="PASS" start="2024-10-25T20:45:50.210484" elapsed="0.000000"/>
</kw>
<kw name="Element Text Should Be" owner="AppiumLibrary">
<msg time="2024-10-25T20:45:50.210484" level="INFO">Verifying element 'id=com.saucelabs.mydemoapp.android:id/priceTV' contains exactly text '$ 29.99'.</msg>
<msg time="2024-10-25T20:45:50.838698" level="INFO">criteria is com.saucelabs.mydemoapp.android:id/priceTV</msg>
<arg>${lbl_preco_produto}</arg>
<arg>${product_price}</arg>
<doc>Verifies element identified by ``locator`` exactly contains text ``expected``.</doc>
<status status="PASS" start="2024-10-25T20:45:50.210484" elapsed="0.628214"/>
</kw>
<arg>Sauce Labs Backpack</arg>
<arg>$ 29.99</arg>
<arg>0</arg>
<status status="PASS" start="2024-10-25T20:45:40.438839" elapsed="10.414608"/>
</kw>
<kw name="Limpar Carrinho e Deslogar" type="TEARDOWN">
<kw name="Click Element" owner="AppiumLibrary">
<msg time="2024-10-25T20:45:50.855081" level="INFO">Clicking element 'id=com.saucelabs.mydemoapp.android:id/removeBt'.</msg>
<msg time="2024-10-25T20:45:52.475663" level="INFO">criteria is com.saucelabs.mydemoapp.android:id/removeBt</msg>
<arg>id=com.saucelabs.mydemoapp.android:id/removeBt</arg>
<doc>Click element identified by `locator`.</doc>
<status status="PASS" start="2024-10-25T20:45:50.854065" elapsed="1.621598"/>
</kw>
<kw name="Click Element" owner="AppiumLibrary">
<msg time="2024-10-25T20:45:52.475663" level="INFO">Clicking element 'id=com.saucelabs.mydemoapp.android:id/menuIV'.</msg>
<msg time="2024-10-25T20:45:57.611267" level="INFO">criteria is com.saucelabs.mydemoapp.android:id/menuIV</msg>
<arg>id=com.saucelabs.mydemoapp.android:id/menuIV</arg>
<doc>Click element identified by `locator`.</doc>
<status status="PASS" start="2024-10-25T20:45:52.475663" elapsed="5.135604"/>
</kw>
<kw name="Click Element" owner="AppiumLibrary">
<msg time="2024-10-25T20:45:57.612347" level="INFO">Clicking element 'xpath=//androidx.recyclerview.widget.RecyclerView[@content-desc="Recycler view for menu"]/android.view.ViewGroup[1]/android.widget.TextView[2]'.</msg>
<msg time="2024-10-25T20:45:58.797745" level="INFO">xpath criteria: //androidx.recyclerview.widget.RecyclerView[@content-desc="Recycler view for menu"]/android.view.ViewGroup[1]/android.widget.TextView[2]</msg>
<arg>xpath=//androidx.recyclerview.widget.RecyclerView[@content-desc="Recycler view for menu"]/android.view.ViewGroup[1]/android.widget.TextView[2]</arg>
<doc>Click element identified by `locator`.</doc>
<status status="PASS" start="2024-10-25T20:45:57.611267" elapsed="1.186478"/>
</kw>
<status status="PASS" start="2024-10-25T20:45:50.854065" elapsed="7.943680"/>
</kw>
<status status="PASS" start="2024-10-25T20:45:40.438839" elapsed="18.358906"/>
</test>
<test id="s1-t2" name="TC002" line="31">
<kw name="Selecionar Produto">
<kw name="Set Variable" owner="BuiltIn">
<msg time="2024-10-25T20:45:58.797745" level="INFO">${img_produto} = xpath=//android.widget.ImageView[@content-desc="Sauce Labs Bike Light"]</msg>
<var>${img_produto}</var>
<arg>xpath=//android.widget.ImageView[@content-desc="${product_name}"]</arg>
<doc>Returns the given values which can then be assigned to a variables.</doc>
<status status="PASS" start="2024-10-25T20:45:58.797745" elapsed="0.000000"/>
</kw>
<for flavor="IN RANGE">
<iter>
<kw name="Swipe" owner="AppiumLibrary">
<arg>${470}</arg>
<arg>${1876}</arg>
<arg>${457}</arg>
<arg>${1224}</arg>
<doc>Swipe from one point to another point, for an optional duration.</doc>
<status status="NOT RUN" start="2024-10-25T20:45:58.797745" elapsed="0.000000"/>
</kw>
<var name="${counter}"/>
<status status="NOT RUN" start="2024-10-25T20:45:58.797745" elapsed="0.000000"/>
</iter>
<var>${counter}</var>
<value>${swipe_count}</value>
<status status="NOT RUN" start="2024-10-25T20:45:58.797745" elapsed="0.000000"/>
</for>
<kw name="Click Element" owner="AppiumLibrary">
<msg time="2024-10-25T20:45:58.797745" level="INFO">Clicking element 'xpath=//android.widget.ImageView[@content-desc="Sauce Labs Bike Light"]'.</msg>
<msg time="2024-10-25T20:46:00.038799" level="INFO">xpath criteria: //android.widget.ImageView[@content-desc="Sauce Labs Bike Light"]</msg>
<arg>${img_produto}</arg>
<doc>Click element identified by `locator`.</doc>
<status status="PASS" start="2024-10-25T20:45:58.797745" elapsed="1.241054"/>
</kw>
<kw name="Swipe" owner="AppiumLibrary">
<arg>${470}</arg>
<arg>${1876}</arg>
<arg>${457}</arg>
<arg>${1224}</arg>
<doc>Swipe from one point to another point, for an optional duration.</doc>
<status status="PASS" start="2024-10-25T20:46:00.038799" elapsed="2.157434"/>
</kw>
<kw name="Set Variable" owner="BuiltIn">
<msg time="2024-10-25T20:46:02.196233" level="INFO">${btn_adicionar_carrinho} = xpath=//android.widget.Button[@content-desc="Tap to add product to cart"]</msg>
<var>${btn_adicionar_carrinho}</var>
<arg>xpath=//android.widget.Button[@content-desc="Tap to add product to cart"]</arg>
<doc>Returns the given values which can then be assigned to a variables.</doc>
<status status="PASS" start="2024-10-25T20:46:02.196233" elapsed="0.000000"/>
</kw>
<kw name="Wait Until Element Is Visible" owner="AppiumLibrary">
<msg time="2024-10-25T20:46:08.034753" level="INFO">&lt;?xml version='1.0' encoding='UTF-8' standalone='yes' ?&gt;
&lt;hierarchy index="0" class="hierarchy" rotation="0" width="1080" height="2076"&gt;
  &lt;android.widget.FrameLayout index="0" package="com.saucelabs.mydemoapp.android" class="android.widget.FrameLayout" text="" checkable="false" checked="false" clickable="false" enabled="true" focusable="false" focused="false" long-clickable="false" password="false" scrollable="false" selected="false" bounds="[0,0][1080,2076]" displayed="true"&gt;
    &lt;android.widget.LinearLayout index="0" package="com.saucelabs.mydemoapp.android" class="android.widget.LinearLayout" text="" checkable="false" checked="false" clickable="false" enabled="true" focusable="false" focused="false" long-clickable="false" password="false" scrollable="false" selected="false" bounds="[0,0][1080,2076]" displayed="true"&gt;
      &lt;android.widget.FrameLayout index="0" package="com.saucelabs.mydemoapp.android" class="android.widget.FrameLayout" text="" checkable="false" checked="false" clickable="false" enabled="true" focusable="false" focused="false" long-clickable="false" password="false" scrollable="false" selected="false" bounds="[0,72][1080,2076]" displayed="true"&gt;
        &lt;android.widget.LinearLayout index="0" package="com.saucelabs.mydemoapp.android" class="android.widget.LinearLayout" text="" resource-id="com.saucelabs.mydemoapp.android:id/action_bar_root" checkable="false" checked="false" clickable="false" enabled="true" focusable="false" focused="false" long-clickable="false" password="false" scrollable="false" selected="false" bounds="[0,72][1080,2076]" displayed="true"&gt;
          &lt;android.widget.FrameLayout index="0" package="com.saucelabs.mydemoapp.android" class="android.widget.FrameLayout" text="" resource-id="android:id/content" checkable="false" checked="false" clickable="false" enabled="true" focusable="false" focused="false" long-clickable="false" password="false" scrollable="false" selected="false" bounds="[0,72][1080,2076]" displayed="true"&gt;
            &lt;androidx.drawerlayout.widget.DrawerLayout index="0" package="com.saucelabs.mydemoapp.android" class="androidx.drawerlayout.widget.DrawerLayout" text="" resource-id="com.saucelabs.mydemoapp.android:id/container" checkable="false" checked="false" clickable="false" enabled="true" focusable="false" focused="false" long-clickable="false" password="false" scrollable="false" selected="false" bounds="[0,72][1080,2076]" displayed="true"&gt;
              &lt;android.view.ViewGroup index="0" package="com.saucelabs.mydemoapp.android" class="android.view.ViewGroup" text="" checkable="false" checked="false" clickable="false" enabled="true" focusable="false" focused="false" long-clickable="false" password="false" scrollable="false" selected="false" bounds="[0,72][1080,2076]" displayed="true"&gt;
                &lt;android.view.ViewGroup index="0" package="com.saucelabs.mydemoapp.android" class="android.view.ViewGroup" text="" resource-id="com.saucelabs.mydemoapp.android:id/header" checkable="false" checked="false" clickable="false" enabled="true" focusable="false" focused="false" long-clickable="false" password="false" scrollable="false" selected="false" bounds="[0,72][1080,222]" displayed="true"&gt;
                  &lt;android.widget.ImageView index="0" package="com.saucelabs.mydemoapp.android" class="android.widget.ImageView" text="" content-desc="App logo and name" resource-id="com.saucelabs.mydemoapp.android:id/mTvTitle" checkable="false" checked="false" clickable="false" enabled="true" focusable="false" focused="false" long-clickable="false" password="false" scrollable="false" selected="false" bounds="[0,117][1080,177]" displayed="true" /&gt;
                  &lt;android.widget.ImageView index="1" package="com.saucelabs.mydemoapp.android" class="android.widget.ImageView" text="" content-desc="View menu" resource-id="com.saucelabs.mydemoapp.android:id/menuIV" checkable="false" checked="false" clickable="true" enabled="true" focusable="true" focused="false" long-clickable="false" password="false" scrollable="false" selected="false" bounds="[36,102][126,192]" displayed="true" /&gt;
                  &lt;android.widget.RelativeLayout index="2" package="com.saucelabs.mydemoapp.android" class="android.widget.RelativeLayout" text="" content-desc="View cart" resource-id="com.saucelabs.mydemoapp.android:id/cartRL" checkable="false" checked="false" clickable="true" enabled="true" focusable="true" focused="false" long-clickable="false" password="false" scrollable="false" selected="false" bounds="[954,102][1044,192]" displayed="true"&gt;
                    &lt;android.widget.ImageView index="0" package="com.saucelabs.mydemoapp.android" class="android.widget.ImageView" text="" content-desc="Displays number of items in your cart" resource-id="com.saucelabs.mydemoapp.android:id/cartIV" checkable="false" checked="false" clickable="false" enabled="true" focusable="false" focused="false" long-clickable="false" password="false" scrollable="false" selected="false" bounds="[954,111][1020,183]" displayed="true" /&gt;
                  &lt;/android.widget.RelativeLayout&gt;
                  &lt;android.view.View index="3" package="com.saucelabs.mydemoapp.android" class="android.view.View" text="" checkable="false" checked="false" clickable="false" enabled="true" focusable="false" focused="false" long-clickable="false" password="false" scrollable="false" selected="false" bounds="[0,220][1080,222]" displayed="true" /&gt;
                &lt;/android.view.ViewGroup&gt;
                &lt;android.widget.FrameLayout index="1" package="com.saucelabs.mydemoapp.android" class="android.widget.FrameLayout" text="" content-desc="Container for fragments" resource-id="com.saucelabs.mydemoapp.android:id/fragment_container" checkable="false" checked="false" clickable="false" enabled="true" focusable="false" focused="false" long-clickable="false" password="false" scrollable="false" selected="false" bounds="[0,222][1080,2076]" displayed="true"&gt;
                  &lt;android.view.ViewGroup index="0" package="com.saucelabs.mydemoapp.android" class="android.view.ViewGroup" text="" checkable="false" checked="false" clickable="false" enabled="true" focusable="false" focused="false" long-clickable="false" password="false" scrollable="false" selected="false" bounds="[0,222][1080,2076]" displayed="true"&gt;
                    &lt;android.view.ViewGroup index="0" package="com.saucelabs.mydemoapp.android" class="android.view.ViewGroup" text="" resource-id="com.saucelabs.mydemoapp.android:id/noItemCL" checkable="false" checked="false" clickable="false" enabled="true" focusable="false" focused="false" long-clickable="false" password="false" scrollable="false" selected="false" bounds="[0,222][1080,2076]" displayed="true"&gt;
                      &lt;android.widget.TextView index="0" package="com.saucelabs.mydemoapp.android" class="android.widget.TextView" text="No Items" resource-id="com.saucelabs.mydemoapp.android:id/noItemTitleTV" checkable="false" checked="false" clickable="false" enabled="true" focusable="false" focused="false" long-clickable="false" password="false" scrollable="false" selected="false" bounds="[394,342][687,439]" displayed="true" /&gt;
                      &lt;android.widget.LinearLayout index="1" package="com.saucelabs.mydemoapp.android" class="android.widget.LinearLayout" text="" resource-id="com.saucelabs.mydemoapp.android:id/cartInfoLL" checkable="false" checked="false" clickable="false" enabled="true" focusable="false" focused="false" long-clickable="false" password="false" scrollable="false" selected="false" bounds="[0,439][1080,1073]" displayed="true"&gt;
                        &lt;android.widget.ImageView index="0" package="com.saucelabs.mydemoapp.android" class="android.widget.ImageView" text="" checkable="false" checked="false" clickable="false" enabled="true" focusable="false" focused="false" long-clickable="false" password="false" scrollable="false" selected="false" bounds="[396,559][684,847]" displayed="true" /&gt;
                        &lt;android.widget.TextView index="1" package="com.saucelabs.mydemoapp.android" class="android.widget.TextView" text="Oh no! Your cart is empty. Fill it up with swag to complete your purchase." checkable="false" checked="false" clickable="false" enabled="true" focusable="false" focused="false" long-clickable="false" password="false" scrollable="false" selected="false" bounds="[60,967][1020,1073]" displayed="true" /&gt;
                      &lt;/android.widget.LinearLayout&gt;
                      &lt;android.widget.Button index="2" package="com.saucelabs.mydemoapp.android" class="android.widget.Button" text="Go Shopping" resource-id="com.saucelabs.mydemoapp.android:id/shoppingBt" checkable="false" checked="false" clickable="true" enabled="true" focusable="true" focused="false" long-clickable="false" password="false" scrollable="false" selected="false" bounds="[240,1163][840,1337]" displayed="true" /&gt;
                    &lt;/android.view.ViewGroup&gt;
                  &lt;/android.view.ViewGroup&gt;
                &lt;/android.widget.FrameLayout&gt;
              &lt;/android.view.ViewGroup&gt;
            &lt;/androidx.drawerlayout.widget.DrawerLayout&gt;
          &lt;/android.widget.FrameLayout&gt;
        &lt;/android.widget.LinearLayout&gt;
      &lt;/android.widget.FrameLayout&gt;
    &lt;/android.widget.LinearLayout&gt;
  &lt;/android.widget.FrameLayout&gt;
&lt;/hierarchy&gt;</msg>
<kw name="Capture Page Screenshot" owner="AppiumLibrary">
<msg time="2024-10-25T20:46:09.715352" level="INFO" html="true">&lt;/td&gt;&lt;/tr&gt;&lt;tr&gt;&lt;td colspan="3"&gt;&lt;img src="data:image/png;base64, iVBORw0KGgoAAAANSUhEUgAABDgAAAisCAYAAACtR1KuAAAABHNCSVQICAgIfAhkiAAAIABJREFU
eJzs3Xd8W9X9//G3huW9Z/YGwggjQJgNe68QNqRAoQU66LeFUEpLf5RCafPlS1sKlDBaSoAQQigj
7E3KDCQkkJA97cSOd7xtSff3RxJHsiVZkiXLx3k9++BR6+rqnuPYcXzfOufzsVmWZQkAAAAAAMBg
9kRPAAAAAAAAoLcIOAAAAAAAgPEIOAAAAAAAgPEIOAAAAAAAgPEIOAAAAAAAgPEIOAAAAAAAgPEI
OAAAAAAAgPEIOAAAAAAAgPEIOAAAAAAAgPEIOAAAAAAAgPEIOAAAAAAAgPEIOAAAAAAAgPEIOAAA
AAAAgPEIOAAAAAAAgPEIOAAAAAAAgPEIOAAAAAAAgPEIOAAAAAAAgPEIOAAAAAAAgPEIOAAAAAAA
gPEIOAAAAAAAgPEIOAAAAAAAgPEIOAAAAAAAgPEIOAAAAAAAgPEIOAAAAAAAgPEIOAAAAAAAgPEI
OAAAAAAAgPEIOAAAAAAAgPEIOAAAAAAAgPEIOAAAAAAAgPEIOAAAAAAAgPEIOAAAAAAAgPEIOAAA
AAAAgPEIOAAAAAAAgPEIOAAAAAAAgPEIOAAAAAAAgPEIOAAAAAAAgPEIOAAAAAAAgPEIOAAAAAAA
gPEIOAAAAAAAgPEIOAAAAAAAgPEIOAAAAAAAgPEIOAAAAAAAgPEIOAAAAAAAgPEIOAAAAAAAgPEI
OAAAAAAAgPEIOAAAAAAAgPEIOAAAAAAAgPEIOAAAAAAAgPEIOAAAAAAAgPEIOAAAAAAAgPEIOAAA
AAAAgPEIOAAAAAAAgPEIOAAAAAAAgPEIOAAAAAAAgPEIOAAAAAAAgPEIOAAAAAAAgPEIOAAAAAAA
gPEIOAAAAAAAgPEIOAAAAAAAgPEIOAAAAAAAgPEIOAAAAAAAgPEIOAAAAAAAgPEIOAAAAAAAgPEI
OAAAAAAAgPEIOAAAAAAAgPEIOAAAAAAAgPEIOAAAAAAAgPEIOAAAAAAAgPEIOAAAAAAAgPEIOAAA
AAAAgPEIOAAAAAAAgPEIOAAAAAAAgPEIOAAAAAAAgPEIOAAAAAAAgPEIOAAAAAAAgPEIOAAAAAAA
gPEIOAAAAAAAgPEIOAAAAAAAgPEIOAAAAAAAgPEIOAAAAAAAgPEIOAAAAAAAgPEIOAAAAAAAgPEI
OAAAAAAAgPEIOAAAAAAAgPEIOAAAAAAAgPEIOAAAAAAAgPEIOAAAAAAAgPEIOAAAAAAAgPEIOAAA
AAAAgPEIOAAAAAAAgPEIOAAAAAAAgPEIOAAAAAAAgPEIOAAAAAAAgPEIOAAAAAAAgPEIOAAAAAAA
gPEIOAAAAAAAgPEIOAAAAAAAgPEIOAAAAAAAgPEIOAAAAAAAgPEIOAAAAAAAgPEIOAAAAAAAgPEI
OAAAAAAAgPEIOAAAAAAAgPEIOAAAAAAAgPEIOAAAAAAAgPEIOAAAAAAAgPEIOAAAAAAAgPEIOAAA
AAAAgPEIOAAAAAAAgPEIOAAAAAAAgPEIOAAAAAAAgPEIOAAAAAAAgPEIOAAAAAAAgPGciZ4AAAAA
AACxtG79Zs1+/lU1t7Rq6rkn65AD90v0lNAHWMEBAAAAABhQnn5uvioqq9XQ2KTnX3xLNbX1iZ4S
+gABBwAAAABgQGlrb+/8uLGpWU8/94o8Xm8CZ4S+QMABAAliSfLKkldWoqcCAAAwoJx+0rGy23ff
7q7bUKrVazYkbkLoE9TgAIBeavF26Lu2Cq1oq1Cb1x3Ra72yZMmSrfN//hw2my7NmagkmyN2EwYA
ABjg9tt3rD78ZKHKK6okSR6PRx99/KXGjRkhh4PfqwYqAg4AiJLb8mpO/SI9WvOpvFZ8VmGMdOXp
+7mHx+XaAAAAA1V2VqYmHXqgXnr13c5jK1ev17Lv1mjC/nsncGaIJ7aoAEAU3JZXP90yVzOrP4lb
uCFJp2WOj9u1AQAABiqbzabjj52kEcMGdx7rcLs1e95r6ujoSODMEE8EHAAQhbu2vanlrRVxH+eE
jL3iPgYAAMBAZLfbdM4ZJ8jlSuo81tTUrI8++UpWHN+gQuIQcABAhFa1V+r9xtVxH2doUo6KnBlx
HwcAAGCgGjFssMaMHOZ37OPPFqmxqTlBM0I8EXAAQISer/u6T/qeXJB9oOzdyo4CAAAgXC5Xkk6Y
fIQcPh1Vqqpr9fFnixM4K8SL0UVGV69erYaGhkRPo1/IzMzUuHHjEj0NYMBzy6tPm9fHfRyHza7J
6WPjPg4AAMBAt9fYkTr0kAP0+ZdLOo+9++Gn2m/8GA0bMiiBM0OsGR1wrFq1SuXl5YmeRr9QUlJC
wAH0gTVtlar3tMZ9nBJnpnKdaXEfBwAAYKCz2Ww694wTtHzFGjU0NkmS2tra9fb7n2raxWcrKSmp
hyvAFGxRAYAIPFvXN8sZT80cz/YUAACAGElPT9XRRxwim23371crV6/Xlq3bEjgrxJrRKzgAoC+1
Wx593rwh7uM4bHadnzUh7uOgf2j0tun5uq87H1tSWNFWij1JOY5UFTozNNZVoGxHatzm6GtxS6m+
binzm6MlyWbb+f/BCtTYfE4OwG6z6fu5h0c1p+Wt5fq8eaPfHHb9OVqSrs6bFNV1u3p5+zeqcQcu
SpfrTNO5WQfEZJyebOqo1dsNK/VJ03qtaa8Met4YV74mpY3SKZn7aJQrr0/mBgD9lc1m01GTDtZH
Hy9Uc8uO1bgtLa1698PPddXl58lu573/gYCAAwDCtKatUs3e9riPU+LMUpYjJe7j9NanzRt069aX
Ox/nOdL0n5HXxmWsP297R681LO98fEXuofph3lFhv94rSyeve1Buy9t5bO6Iq1XkzIzJ/LZ7WnX2
hkf8jn045sawXtvgbdO/aj+PyTwk6dq8I3V21v7KiVPgsailVE/WfhHz6zptjqgDjtcaluuV7d8G
ff6CnIOUaU+Odmqd/q/y/aDPDU/KjWvA0WF59Gz9Yj1W/UnYr1nbXq217dV6pu5LSTu+Ny7LmSiH
LXG/xE9ee7/f4xdGXqN8R3rcxnuydqEer/m0V9e4tehkTU4fozS7q9fzqfE0a8qGx3p1jbOy9tc1
eUcoz8E2RiBSOdmZOv3k72ney291Hvv6m+/0xVdjdMRhByZwZogVYioACNPz9Uv6pHvKOVn798Eo
vVfr8X8nu8bTrCp3U1zG8g03JGl1W1VEr7fLpntKzvY79pOy53s9r11+umWe3+P7Bk+J2bUj9VjN
pzp3w6OasuExbeqoTdg8+tKa9tDfD49GEAoE83TtlyGfb7biF34+ULVAp6x7KKJwI5DHaj7VSese
1P1VH8ZoZpF5qnZht2O/8glJ+6s/bXtbZ6x/WDeWzev55D4wf/u3mrLhMZ234bE+Cd2BgWbyMYdp
9Mihfsfe++gz1W9vkMfjGTj/eb1B/gQGNlZwAEAY2ix3n3RPkaSTM/buk3F6q7xje7djvymfr5lD
L47pOI8EePe13N197J4cnjZCg5OytaWjXpK0zd2gz5s3aFLayF7Nb2nrFm1sr+58nOdI08TUYb26
ZizUeJo1bdMsDXJm6YnhVyjFNnD/yd/QXhPy+Ze2f6NfFh7fqzGeqfsq5PNtXnevrh9IhbtB15bO
1vYYFjb2ytK8+iV6v3G1HhpykQYlZcXs2j15tm5Rt2Pr26vltrxyJnBVSTgsSUtay3Tyuof0/Iir
+2xLWCi1nmadvv5h3VgwWVOzeecZiMTkYw5XaVmF2js6JEmVVbV65F9zlZzc+5Va/UVqSrJOOv5I
jRoxtOeTB5CB+9sOAMTQirYKNfXBO2XFzkzlGdI9JVDIsKKtQu2WRy6bIyZjWJLm+dSn2CXam8m/
D56qqRv/2fn49vLX9MboG3pV0PWWLu9A/3PYZVFfKx62urfr1HUP6e6Ss3RM+uhETycuWsL4u7mw
eaMOSxsR1fW3uRvV6G0LPQcrtgHH580bdcvWl2J6TV81nmZdsukJ/e/g83R46vC4jbNLvadVDT5/
hnbZ5JUlt+XVxo4ajXEVxH0OkvTqqOuUEcZ2pXpPi16oX6pXG5ap0t3Yebzdcuu8DY/p5VE/ism2
p9uKTtapmePDOveT5vX6R9V/VdpRJ6/PesL7qz5Upj1Zp2Tu0+v5AHuK/cePU0F+rraU7ygw6vF4
tLlsa4JnFXtV1TX69U3XJXoafcrogOPMM89M9BQA7CFe3b6855OCuDTnEKXYXZ0FD3f9vyxLlizZ
dr5zaZNU427WEzWf+1X4lmXtqODY7eOdz/td2FK2I1X7pBRr7+QiOeK4E7HW0xLw+EPVC/Q/BcfF
ZIyvW0rVanV0O94W5c1kgTNDJ2XsrXcaV3Ze5/Gaz/TDvCOjut6cukV+N9cnZuyl3H66L/435fP1
84LJOn8Pfaf3nm3v6IWR10T52rd7PMdteeSVFZPuR+82rtKdFW/0+jrhmL7lxT5ZAfBQ9YLOj7Md
qcqwu1S2czXVTVte1Itxqt8TrWxHqq7Om6Sr8yZpY3utvr95VudzXlmasuExvTP6J306p6PSRumo
4aPU7G3X1aWzVb7zz0+S7t72lg5IGdynK3IAkyUlOXXx1NN1/z9mDeitHHXbGxI9hT5ndMABAH3B
I68+bloX1WtLnJm6Lv/ogDc9vvmEJLktry7a9K+Y1bHIdqToytzDdX72gXFpObvNvfsfTZfNqfad
ocN/6pfGLOD4dfn8zo+TbA51WB5J6hwrqmsWnawPmlZ3Fhx9qnahLs05JKx3dX21Wm49XP2x37Fb
i06Kel6BnJo5Xt9LH9PteIflUZPVrk3ttfq6pVQr28Jrcfe3qg+V60jT8RnjYjrPXW4pOknZ9ugK
5Ma7KXK1p0n1npaothYsatkc1nltXrdS7UkRX7/rWOGGGyXOLJ2fPUEHpQ7VKFe+XDv/jmzuqNPn
zRv1WsMybWrvuQ7L/VUfamhSjiZFucIlHG80fNf58YEpQ3Ry5t66vfxVSTu2WnjkjWsg2xsjXLl6
e/RPdM6GR9Ti3RG4dlgePVH7ua7KjU2Hnkik2V2aM/xK3VH+ut5vWt15/KatL+qZ4d/v8/kApho1
YqgGlRSpdEt5oqcSN2NHx+/nen9FwAEAPdjYXuu3tDoSZ2XtHzRc6Hq03L09aAvKaNR7WnV/1Uf6
vHmj/jTo7JjfPNT51AU4L/sAPVe3uPPxk7UL9f3cw3p1/Q3tNX6rI24pPFF3b9tR9by1FwGH02bX
LYUn6Y/bdldQv3nLS3p46EURXefXW1/2Wyb+i8Lj5YpxnYsRrtywt5VsbK/Vr8pf0tYAtVF83VHx
uvZNKVFxjDrI+JqUNkIFceyI0VsPVv9XtxWdHNFrXtr+TdjntllupSr6gKPe06pfbPlPj+eNduXr
kaGXKCnAVrAkm0OjXfka7crXpTmHSJKuL31O37WF/gX+lq0vaf6o62Ky7aKrZa3+Y/+y8LhuK53m
1C3WZTkTYz52rLhsDr0x6ga/LjD/qklMwLHLHSWn68v1mzr/fSrrqFO1pymuXWmAgaawINcv4Dhg
33E65CAzir135Xa7NeeF1+R2ezqPTdjPjLpusUTAAQA9mNnlXfpw2WULe0+0V5Zeb1jud8McK583
b9QDVQv084LJMb1uXZcuKtmONNXvPDa77qteBxz3Vr7r99i37anH8vaqMOGpmfvokZpPVLVzb/13
beVa316tUa78sF6/qaNWi1pKOx9nOVLi2iI0HCNcuXp2+FVa01ala0qfCXnutZtn65VRP+qjmcXX
rlU94Xiz4buIA47Haz6Ly1wCuXrz0z2e89jQSzUuuTCi6z489CJtdW/XJRufCHne1A2P663RP47o
2uF4qs6/e8qucKPQmdFZ3+Lp2i/7dcCxy3HpY/VB05rOx1s66jU4KTth8/lN8al+7brvKH9dfx9y
QcLmA5hmyOASLV66e4WZ1ytNPGjfBM4oeqVlFX6PU1NSNGRQUYJmkzj9cy0gAPQTHZZXS1u3RPXa
AmeGipwZ4Y3j9ei17d/1fGKU/lO/tPNmPl7+5tMatdnb3u1d20h907q72Ne0AGFJtHU4drlvkH8r
1x+XzZUVZsA0fYt/8ccHh1wY9y0W4RqbXKA3Rt0QsmvKdm+rXoxgZUJ/Vu2JbEvXp80bwj63yduu
+iC1ZgLpzffkmw0rQn4uKbYkvTHqhojDjV0GObP08sgfBlz1sUub5dYL9Uuiun4onzTt7kB1XPru
7VEX5Rzc+XGjt63XAVFf8J2ztKP1biId2aUL1PoeOgoB8FeQn+NX96x8W6W83ti/2dQXNpZukcez
u55Ibk6WMjP3vBVdBBwAEMKG9mo1R9k95YzM8WHXvtji3h7xjVokvLL0rM8WktizaYQrz29FxS/D
WGofzE/L5vk9vixnogq6hEW9qcMh7VjxcLhPzYFmb7vebVjV4+tebVju10FmQspgDU/K7dVcYi3V
nqQ3R/845PffQ1ULgj5nkq0dkRVQi+SGtGuHnB7nEkX7YkmyZOl/u6xY8mWXTW+OvqHX9T2yHan6
z8hrQ35f/K3qw16N0dXbOwv67nJ13u4tHVOyJvg9d5fPtrH+ar+UQX6PV7RVBDmz7/h+PRu8rXFY
BwgMXNlZmX6tYd1ujxoa4/uGUDxYlqWyLRWyrN0/AQoL85SRTsABAPDxVN2XUf2yaJN0bvaEHs/b
5Y2G6Lu0hOu/zdEVSg1Hht0lu2w62qdeRKvVodXtVRFfy2159a3PqplcR5rS7K5uNUTaYvBu7x9L
zvK7OfjDtjdDvovstrz6a+UHfsf+b/CUwCf3A7cXnxb0uTbL3dnFwmSV7sgCjjVtlWGd57G8WtYa
uGVgVpBCqmvaIv9+l6SvW8pCft/dXXJWVNcNJNOerH8MvTjkOW83rAz5fCQe6bLFb6Qrr/PjJJtD
Kbbdoc1/m9bGbNy+0tuVZLEwOtm/xW5vw19gT5Kamqxkl2/A4VZDY+zqofUVj8erTZv9VxyPHjlM
Dseed7u/533GABCmdsutzyNYzu5raFKO8sJsF2pJeq9xdY/n9VY8fxHftbrizuIz/I4/WPVRxNea
W/+131aRewedK0lKsftvuWjzdm8fG6kkm0M/6NIi9vchOlj8repDv5uHH+UdJVeIJf+JdkLGuJBb
EvqqFWk8BWtXLEknB6mB88cw2r4ubNkUcMtSiTNLdlvgFRDrowj0JP9uQV0VODN0VPqoqK4bzD7J
RRrjCr7V5R/V/43JOI3eNm3z2Rp3dYCCnPcNPq/zY7fl1eaOupiMvSdx8us8ELX01FS/FRztHR2q
q49uNV4itbW1a1tltd+xvcaOTMxkEoyfiAAQxHdtFWqO8ib6lMx9etycYmnHu8Qb26o7C+3FU3IM
b8QrumwLKHLs3j4yyWdP+OKW0ogLpz7sc3OV7UjR2J01B7p2KCmP8J37YKblHurXOWJB01o1Buia
U+1u1ss+dSuSbU5dnntoTOYQT38fMjXoc/1heX1vVYTYFvLDLuHVLh80ru6x3sqvgmxP+XHBsUFf
uS6K+gcey+vXLairB+NUMPLXxcFbGld7mjrbofbGmw3+dYW61q+QpPEpJbL5/LT8XflrvR63LzmV
+ICz69/jUKEmAH9paSlK6bZFJX5bhuPlu5Vr1dq2+9+S3NzsPbLAqETAAQBBvbo9um0jNkknZYTf
luvF7d/EpXtKV0emxe5d4DK3/7usvvUxbi8+xe+5m7sU5Azl/S4rWX7q0/mla9HMVWFuNQjHXwf7
hwDTNs3qds7vKl71e/xwD8v8+4txrtC/4EQb4vUXle7gv4gWOzOVZnd1O95mubU6xHaSUIHj5PQx
QZ9bF8UKjgVNwbeOpdtdKnFmRXzNcIwLsYJD2tEpqLce8KnzkudID/i1sMum0T7di6L5M+xLpV1W
mIxMDq/zUl9JtSeFXfsJgJSUlKTcnN2dkCzL0rZK84r1fvy5f521QyaY2QkmFgg4ACAAj7wRdVvw
VejM1KCk8G5KPJbXr+VgPJ2ffWDMrtU1XPDdjpNpT/ELPL5uLZXb8ioc9/sUOHTZHDrFJyjquhVk
bXvsAo6xyQXaJ7m483GNp1lLWso6H2/sqNW3PvUYxroK/W7K+jOnze7XYrer5W2963aTaFWe0Kuf
vhckkPh1+StBX/NokEKk+6aUSAq+JcAT5ve5r0Utm4M+N37nePFyTojWxi/1ssvO1o7tfsHtDflH
Bz13xqBz/B6/0RC/jlK99UL9Ur/HV+UcnqCZ7LC6y8/iQXEKxICBbMhg/zcCqmvM2irX3NyidRv8
/y3Zd5/RQc4e+IL3kDPAZ599purq6p5P3APk5+friCOOSPQ0gAFjReu2iNpD+jo9cx+/JdehVLgb
Q9YQiJVCZ4aGOLN7PjFMXYuHZjv8iy7+Y8hFunDjPyXtuOl7Zfs3mtJDwNLsbVeNZ3dhr4uy/Zez
O2x2OW0OuXcWYwz1Dnw0/jJ4is5YP7Nz68KNW+bpwzE37vi4S1eXUNs++qM8R7rqgnyfrW2r0qGp
w2IyztQNj0d0footSW+OvqFXY1a7QxeD+3XRyQFvmKvcjWr2tgdcVdB1a8Uuu2pIBCnBEZVQ24Su
yOneHjmWpmYf6Lftyte7Dat0S+GJUV/7nzWf+T0+JUg9FGnHCjCnzd4ZhD5W86lOyxwf9djx4pWl
efVf+x0bn1Ic5Oy+cW/le36Pb+rF1wzYUw0d7B8m19fHZgtsX1m/scyve0pubpaKiwpCvGJgMzrg
qK6uVnm52e88Aeifnq1bFNXr7LLpvOwDw4o3bJLea1rVYy2AWJicPjZoYcRorO1he0iRM0OZ9mQ1
7KxlcX/VRz0GHFdvfsbv8TX53esnJPsEHKUxWELvK83u0sU5B/t97T9oXKOxyQWq8wleLs45JOBN
cX92WNrwoEv/K3tYAdHfbQtSiyXXZ1XRGFeB1gb4/J+u+6pbnY7PmzcGHWtXW+Gu9WB6Y0tH8Boi
B6YOjtk4gWT41J7pqtXq3dald3zaw/rW5QnmnKwD9EL9Ekmhtwgl0lWbn/J7fHbW/gmayQ7vNq7y
C8jS7C7tH+dVP8BA1HUFR1V1bH+/iLe16/1XbwwqLlRKcvCf7wMdW1QAoIt2y6OvQiwbDyXfma68
ENsBfHlkaU7d4p5PjIFYvxsaTgHCPw46u/Njr6yQtQYavG0q9ykWeWbWfgH3kSfH8MYykBvyj/G7
6fvfynd1bemzfuNfl3dUXOcQD6HqODR4WvtwJrEXLCDM9fl7eEPBMQHPmV33Vbdj92x7K+C5P/L5
ugdrExuNBm/wP/9411JItsfn79N3bRV+21OmhVGMt2sB0v/tsjIhkTyWVz8te14b2/1vem70qRHU
156rW9ytC9KtRScnaDaA2XJzspWetjsUb2hs0vbt/TNo7aq9vUNlW/1XApYUF8rlSgryioHP6BUc
ABAPq9sq1RSiq0Eog53ZerNhRVjnumxOHZMe/h7JtxtXRrXHP9OerNGuvIhfF0p7GC1nJ6QM9lt2
/teqD3RskM/39+Wvd35sk/TT/GMDnhfLd86D+X3J6bppy4uS1K2byq1FJ8lh470BExQ5Mzs/Pix1
eMBzPJZXFe5GFe+sGbPd0xpwy5hN8luBNDq5IOjWEq+siIIJm2x9soqrL3W98T4gpeeVKIOcWbLL
1hmMfNC4WtMLT4jL/MJV52nRy9u/1eMBarLMHHJxn7eIbvF2aGNHrX5aNlcdO1ey7TI+uThkAVwA
oQ0eVKjVa3ev4Fu/sVQHHhB8a11/Eag97NhRgf/N21MQcABAF/Pqv476hmNJa5mWtJb1fKKkH+cf
o1uLdrRqtPVQtaO8oyHs4KSr0zLHyxnjX8TbuvxyHcxP87+nv1Z9IGlHzYMWq0Optu7vKixs2dT5
8f4pg4NuAYnXO86+Dk0drmxHmuo9/rUdRiTl6oSMveI+fjzUeIJ3Gon190Z/4Vv4VpJ+kn+sHqxe
0O28W7a+qH8Pu0KS9ML2pd2el6TBSdlKs+/+vh2VFLzAbKW7UcU+4UpP0uwuNQVoS9wX2r09B5WR
arPc2tpR3/n44pxDwn7tjQWTO39eNHrbVOluVKFPweJYuGjjv8KqkdTi7ZBHgQPl+wZN0T4xqr3x
f5Xv6/6qj3o8r91yqz3Iz93xySX6x9CLYjIfYE81bMggv4BjzfpNRgQcVdW1fkVR7Xa7RgyP7/bG
/o63oQDAR7vl1sdN6/tkrOMzxkmSvJbVY6Dyr9rPowpdbLLp3OzgnRKi5buCoyDEDciU7Al+j68r
ndPtnCdrF/o97tpRwdfwpNiuRAnm6eHTut0E3RNiXv3d+vbgLe8iuRk3SVGXz+vsrP0D3thubK/t
XGX0ry6FMXe5v0sb4eGunKDjVgSpCRLM4BAdl5a2bonoWpFqCBGsJEUZfH3evNHvJ9UlEQQcp3Yp
RPpg9X+jmkMoTd52NXrbevwvULiRZnfpiWGXa2JabIrySjsCoXDmEyzc+HH+MXp46EU0hgV6afAg
/9bZGzdtDXJm/7J02Sq/x8OHDVJmRnqCZtM/sIIDAHysbKtUSy+L64VjSFJ2ZzBgk0K+o+ixvPqk
ObrQJduRHNPuKZJkSX7Lo0f1sP3litzD9NTOEGNje023zhW+y79HuvJCFvAc5crTAp/FCI3edmXE
oeBnpj1ZWY4Uv046Q5Ji++fYl9aEKApbEsOAY97Ia1Tg6LtfrELVryhM8g/eUu1JGuHK1YYuYY8l
Sxs7aoIW3MxxpHYL8ca5CgOeK8mvIG04xicXd2v1uctL9d9oQhjbO6L1tk8h0K6i7axze/mrnR9n
O1K6raQJJc3uUr4jXdU7Vxy937hKdxSfFtU8Yinfka4f5x+jkzL37vnkPpBud+m0zH11Y8H3Ej0V
YMAoLMiXzWbr7EaytXybLMuSLZZts2LM67W05Fv/1b3HHBF+qDxQGR1w5OcHXyK6p+HPAoiNV7Z/
2yfjTM0+UPade+/tttA79kvddVEXgpycPi7mNSPaugRAY0Pc7EnSlT6TUX2HAAAgAElEQVQBhyQ9
XP2xfll4vCR1K+Z6cw8tDscm+4+1zd2gDBc//3pSG+Kmez+Duy6sCdEqOMfevdjvXwZP0ZQArWxv
2fqyTgqy/eiavO7dfPKdwUOcbRF2ADkodaheDvJz50ufrVvxEKjI6i6X5k6M+HpdaxfVe1o1ee39
EV/H1xfNGzu718TCXSVnKiXANrmush2pynWkKseRGvVqlnBcnnuoDk4Z2uN56XaXsh2pynakhOx+
AyA6qSnJSk9PU2PjjoDVa3lVV79duTn9982NbZXVfh1fkpKStM/e1OIxOuA44ogjEj0FAAPMgqa1
cR/DYbPruPQd21N6qr0hSa9sX+bXkSBcNtl0YfZBUcwwtNYu+/Z7KmDqsjl1YOoQLWnZUZvkpe3f
dAYcf6h4s/O8NLtLB6QMCnmtvVz+fd133LgTcIRS5W5SW4iisEOSgm+36O9WhViZkhdgJUmeI10Z
9uRuxWOr3I2av31ZwOucE2Er0PIIt6gclTYq6HN1nhbVeVqUE2ZnpkjUe1pCFi0e3eXvWjierP2i
N1MK6LGaz2IacBycOrRfBQQjknJ1WNqeXRAQ6A+Sk11KT0vtDDgsr6W6+oZ+HXCsXO2/ure4KF9p
KbHr8mUqanAAgI/mMNqf9laxM1N5zrSdW1NCc1tevdUQfBl5KPnONA135Ub12lC63izvE8YKgK41
DD5qWqs6T4vfyoI/lfRc42JQl20idQE6XsDfs/WLgj4Xz3em+8Ka9uABR74z8NaIq3InBTzeNfSQ
pNOjaK+8tWN7zyf5SLUnhey68qdt70Q8h3A8UvNJ0Ocy7MnKjCIEmFe/pDdTCmhlkG41ABBLKcku
paXuDge8luVXvLO/8Xg8WrvefxXsiGGD5XBwe2/0Cg4AiLW+aNd4VuZ+fjc0loIHHevbqyPe07/L
sXFqGdi1PWG4N8n7JBd3ttZ8tOYT7eMq6nwu3e7ShNTIaw1URbgdYE80t25x0OduSnAbzt5aG2KL
SlGQ4rcX5ByoB6p77lohST8uCNyuOJRQ24GC+VnB9/S3qg8DPvdp83pVuZtUEGJbTDSCrViRpDMy
9434erWeZr+fDT/IO0LnZkVX4PjrljL9v4rXOh+/UL9U53cpWAwAsZSc7FJamk/A4fXqmbnzNWfe
6yFelTiWLLndu99wsttsGjFscL+uGdJXCDgAwIdtZ12MeLHLpjOzdt88WNrxj1SwjSqvNSyPahyb
ortJCUeV27/laLItvH9Kbi8+VZdvelKStKm9Vpvad+8bvSL3sKi6AFQQcIR0Y9m8kM/v6uRjqlAF
gYP9nbLJpuMyxumDxtUhr13gTFeWPfKlvtUhWvIGc1bWfrq/6qOgP3uuL5uj50f8IOLrBuKVpfM2
PBbynJ9EEezcsvVlv8eX5kyUK8oVQsdljJV8Fm7Mqv2CgANAXNntdpUUFWjZd2s6j7ndHrkVuINR
f2O321VSHPnWwoGINSwA4CPaX8jDNdyVq5ydXQV6CjekHVs5opFhT9ZeyUU9nxiFzR21fo/DDTiG
JuUEPNcumy7LibygoRR5S849yT9rP9OS1rKgz49PLlZKmF+7/qrNG7y2SCi/LDi+x3PuHXReyOeD
fd9XuyMPOFw2Z8g6E5XuRl1f+lxMotc7K97w6w7U1cldWrWGwytLa9t3r6ZJtjl7/bP0EJ8uLjWe
5pBzBoBYKCzom1b08ZCWlqphQ0PXMdtTEHAAgI9T4twG8IzMfcNeqbCxo6bbaolwnZS5d1QrIsKx
tr3a73EkdRweHnpxt2NnRVjE0VclAUdAD1Uv0L9rQhd8fHDIhX00m/gJVTw1lGxHStAtLLuM6qE7
T2GQ13fdwhWuGYNC16D5rq1c15fOierau0zf+pLe72Hlym1FJ0d83SUtZX4FS/846OyIr9HVrUUn
+T1+NsRWKwCIhcGDihM9hahkZqTrlBOOlsPOrb3EFhUA8HNt3lF6p3GVWuJQbNSmnUuv/Y4FjyHm
1C2OaruMTdKF2QdH/LpwrfHpXGGTLaJ3ake78pVqT/L78/1ZhMvhU2xJat25NaEyygBooNrSUa+b
t76oso76kOddlTsp5u2DE6E9yoBDkm4vPk0/K3s+4HPX5R/d4+tzHGkq7YhtAbo/lpyt28pfCfr8
irYKnb/hMf11yFQNTwq/gPA2d4Ou2Txb272h203PGHRuyIKnwdy17a3Oj+2y6cCUyOvpdFXszFSy
zdkZYj1T96Wuyz+q19cFgGCKC/1XcDgcDt1wzSVKSurft8ypqSkqMnj1Saz1768WAPSxXEeq/jbo
fN24ZZ5ae3HzFEixM0vFzqywznVbXv23aV1U42Q5UlTizIzqteFY7RNwJNsj/2fkjVE39Gr8oqSM
zvodNVHUOxhIPLK03dOiJa1bdE/F253BTyjZjlRdnRe4k4hJLEntQVZLhHOTPiFlsCamBm7PGc6W
qbw4tG49On2Ujk4frY9D/N2v9jRr2qZZGu0q0D2DzlJJkJ8plnYEG78rf62zuG8oR6aN0qQo2rG6
La9fsd+hSTkx685zbMZYvdOwovPx8tZy7RtG1yYAiEZqaooKC/JUWVUjaUenktzsLBUWEh6YhIAD
ALrYJ6VYs4ZP0+8qXtN3rbFrUXhe9v4Bb7sCHdvqrle9J/S7rcGclLG3nHF8d973Jjrc+huxlG1P
lVTb43kDwb9rvtAztV8FfK7D8kS8RSPLkaL/jLw2FlMLaNqmWVGtAPD16qjrwjqvNcQqqzHJ4RVa
u29w6DoboQTbotJbd5ecpSs3PaWNHTUhz1vXXqWLNz4hh82uPEea0uwu5TnSVe1pVLO3XbWeFr9t
I6GMTy7Wn6LcVvJ8/dd+j/9QcmZU1wnkN0Un+wUcT9R+0eNWHgDojWFDSjoDDklauWYDAYdhCDgA
IIBiZ6b+MeQibW6v1aKWUm3qqJVXVuieriF4LUteS3qhfklY5y9qKY26m8u5fdhtIBEBR0+1EwaS
NssddZ2JroYk5eiZ4d+PybWCafa2x/X6vkL9uQxNyon7+EUhVkk1ezuUZk+K6ro2SU8Ov0I3ls0L
WSR2F4/lVeXOFRQbFToUCWR8cnHA2jjhmlW70O/xSFfsbgTssinbkdpZYPTz5g0xuzYABDJy+BAt
WrK7g92m0i2SDknchBAxAg4ACMIum0a48jQiBr+wl3ds18WbnohjA9odCp0ZGu6M/83dLslx7joT
SKgbSwR2XMY4/b749ERPI6ZCbSEbEkF9imjl7uyGFMj69irtl9K7avb3D5mq31W8pg8b1/R8cpSO
ThvVq4KgHZZHjd62zscnZOwVi2n5mZZzmB6o/qjz8eKWzTrYp8MKAMTS8C6dSFasjm67MBLH6IDj
tdde09atWxM9jX6hpKREZ54Zu2WhAGLrjcbv4h5uSNLk9DGy2+LVP6W7ggSspsgJcWMJf2l2l2YN
uyIhX6d4C7VFZWwPHVBiocCZHvS5de01vQ44JOnO4jO0PLtcN5Q91+trdfXAkAt0QC+Lgd5e/rrf
4ytyD+3V9QKZkj3BL+C4Z9s7em7E1TEfBwAkKTs7U06nU273jhC9rq5BTU3NSk/ndw9TGB1wWFZf
3C4AQO94ZWluXXhbU3rr9Mx9+2ScXfpiK0BXg5L8V3D0ZjvAQDUpbYR+nH9sTLcL9DdlITqY9NTi
NRYKHMFDow1dWin3xr4pJfpwzI2aVbtQ/6z5bMdWuSg5bHZdnnOofpA3KWQHp3BYsvRVy0a/Y2Nc
4dU+iYTTZleBM72zZXaFu0Et3g6l8nceQBy4XEnKyc5UVfXuWl/bqmo0ioDDGEYHHABggtKOOjX2
0J4xFtLtyRqdHN8bu60d2/0ej3UVxnW8QLreWMZiO4CJbLLJYbMrzZakdIdLh6YO1zV5R4TcOjGQ
bA4RcETSujhaoVZwrI9hwLHLtNzDNC33MH3UtFZ/r/pIle7GsOr02GRTkTND0wtP1GFpgbvGRGNz
R51fF5sp2QfG7Npd/aHkTN1QunsVy5sN3+m8Pqw1BGDP4XQ6lZmR7hdwVFXXadSIoQmcFSJhswxe
BvHqq6+qvLw80dPoF9iiAvRfD1b/V3PqFsV9nAuyD9SNBZPjPg6AxPPKUrW7SWXuei1s3qSN7dWq
8bQoz5GqYUl5OjxtuIYm5SjPkSZHHLsqAcBA0tHh1r+f+Y+WLlvVeey0k47RGafw+5UpWMEBAHH2
URyLBO5ik01TeEcT2GPYZVOhM0OFzgwdlDIk0dMBgAEhKcmp3Nxsv2M1tdvl9XpltxMWm4CAAwDi
qLSjXhXuhriPk+1I0WBnds8nAgAAIKi8HP/fp7ZsrdDipd8pydk/b50dDocKC/JUVDhw625Fon9+
lQBggPhP/dJeFQUM1+T0sSxDBwAA6KXiIv+CyaVbKvTvZ15M0Gx6ZrfblZebrR9edaEGFfd9bbT+
xuiAY6+99tKgQXteYblAMjMzez4JQJ/yWF6937Q67uPYZdPUOBb4AwAA2FPk55m1Itbr9aqmtk6b
Nm8l4JDhAce4ceMSPQUACGqbp1E1O1sbxtOgpOwB3Q4UAACgrxTk56qkuEDlFVWJnkrYbDa7ccFM
vBgdcABAf/Zy/Tdx355ikzS98IS4jgEAALCncDgcuv4HF2vui2+qYpt/2+/Wtja1trbJ7fYoKcmp
jPQ0ORzxaU1uWZaamprV2tYuu82m1LQUpaakdDvP6XTqpOOP1NjRI+IyD9MY3SYWAPorryydt+Ex
1Xla4jaGTTb9OP8YXZxzcNzGAAAAgLS5dKvmv/mBNpeWq7GpWdlZGdp3n7E654wTlJ6WGtOx2tvb
9d5Hn+urr5dpW2WNnA6Hhg0t0ZGHH6xDD9lfDjq6BMUKDgCIg03ttaqPY7iR50jTb4pP0WGpw+M2
BgAAAHbUufjH48+qsam581j99kZ9+sXXWru+VLf8/AdyuZJiNt6b736st9//pPNxh9utdRtKtbms
QjnZmdp73KiYjTXQEHAAQBxscdfrjKx9Y3pNm2wa7MzW4WkjNMqVpyRbfJZEAgAAYLe33//EL9zw
VVVdo2+Wr9bEg2Lze19TU4uWrVgT8LmOjg698c5/CThCIOAAgDg4Km2UjkrjHx8AAADTLf12VdDn
vF6vtlVWB30+Uq1tbdpWWRP0+XUbNsdsrIGIzTsAAAAAAASRmpIc9DmbTXIlxW7dgN1ul9MZfJVu
SoorZmMNRAQcAAAAAAAEceAB+wR9zm53aMTwITEbKznZpeLC/KDPHzxhfMzGGogIOAAAAAAACOLY
oyZqv33Gymaz+R13OBw6fOIBGjUidgFHWmqKjjv2cCUldS9aWliQp+8ddVjMxhqIaBMLAAAAAEAI
jU3NWrjoG73/0Reqq9+uwSVF+t7Rh+rwiRNCbimJhtfr1eaycr393if6ZvkqpSS7tO8+Y3Xy8Udp
UElht6AFuxFwAAAAAAAA47FFBQAAAAAAGI+AAwAAAAAAGI+AAwAAAAAAGI+AAwAAAAAAGI+AAwAA
AAAAGI+AAwAAAAAAGI+AAwAAAAAAGI+AAwAAAAAAGI+AAwAAAAAAGI+AAwAAAAAAGI+AAwAAAAAA
GI+AAwAAAAAAGI+AAwAAAAAAGI+AAwAAAAAAGI+AAwAAAAAAGI+AAwAAAAAAGI+AAwAAAAAAGI+A
AwAAAAAAGI+AAwAAAAAAGI+AAwAAAAAAGI+AAwAAAAAAGI+AAwAAAAAAGI+AAwAAAAAAGI+AAwAA
AAAAGI+AAwAAAAAAGI+AAwAAAAAAGI+AAwAAAAAAGI+AAwAAAAAAGI+AAwAAAAAAGI+AAwAAAAAA
GI+AAwAAAAAAGI+AAwAAAAAAGI+AAwAAAAAAGI+AAwAAAAAAGI+AAwAAAAAAGI+AAwAAAAAAGI+A
AwAAAAAAGI+AAwAAAAAAGI+AAwAAAAAAGM92+29usxI9CQAAAAAAgN5gBQcAAAAAADCezbIsVnAA
AAAAAACjsYIDAAAAAAAYj4ADAAAAAAAYj4ADAAAAAAAYj4ADAAAAAAAYj4ADAAAAAAAYj4ADAAAA
AAAYj4ADAAAAAAAYj4ADAAAAAAAYj4ADAAAAAAAYj4ADAAAAAAAYj4ADAAAAAAAYj4ADAAAAAAAY
j4ADAAAAAAAYj4ADAAAAAAAYj4ADAAAAAAAYj4ADAAAAAAAYj4ADAAAAAAAYj4ADAAAAAAAYj4AD
AAAAAAAYj4ADAAAAAAAYj4ADAAAAAAAYj4ADAAAAAAAYj4ADAAAAAAAYj4ADAAAAAAAYj4ADAAAA
AAAYj4ADAAAAAAAYj4ADAAAAAAAYj4ADAAAAAAAYj4ADAAAAAAAYj4ADAAAAAAAYj4ADAAAAAAAY
j4ADAAAAAAAYj4ADAAAAAAAYj4ADAAAAAAAYj4ADAAAAAAAYj4ADAAAAAAAYj4ADAAAAAAAYj4AD
AAAAAAAYj4ADAAAAAAAYj4ADAAAAAAAYj4ADAAAAAAAYj4ADAAAAAAAYj4ADAAAAAAAYj4ADAAAA
AAAYj4ADAAAAAAAYj4ADAAAAAAAYj4ADAAAAAAAYj4ADAAAAAAAYj4ADAAAAAAAYj4ADAAAAAAAY
j4ADAAAAAAAYj4ADAAAAAAAYj4ADAAAAAAAYj4ADAAAAAAAYj4ADAAAAAAAYj4ADAAAAAAAYj4AD
AAAAAAAYj4ADAAAAAAAYj4ADAAAAAAAYj4ADAAAAAAAYj4ADAAAAAAAYj4ADAAAAAAAYj4ADAAAA
AAAYj4ADAAAAAAAYj4ADAAAAAAAYj4ADAAAAAAAYj4ADAAAAAAAYj4ADAAAAAAAYj4ADAAAAAAAY
j4ADAAAAAAAYj4ADAAAAAAAYj4ADAAAAAAAYj4ADAAAAAAAYj4ADAAAAAAAYj4ADAAAAAAAYj4AD
AAAAAAAYj4ADAAAAAAAYj4ADAAAAAAAYj4ADAAAAAAAYj4ADAAAAAAAYj4ADAAAAAAAYj4ADAAAA
AAAYj4ADAAAAAAAYj4ADAAAAAAAYj4ADAAAAAAAYj4ADAAAAAAAYj4ADAAAAAAAYj4ADAAAAAAAY
j4ADAAAAAAAYj4ADAAAAAAAYj4ADAAAAAAAYj4ADAAAAAAAYj4ADAAAAAAAYj4ADAAAAAAAYj4AD
AAAAAAAYj4ADAAAAAAAYj4ADAAAAAAAYj4ADAAAAAAAYj4ADAAAAAAAYj4ADAAAAAAAYj4ADAAAA
AAAYj4ADAAAAAAAYj4ADAAAAAAAYj4ADAAAAAAAYj4ADAAAAAAAYj4ADAAAAAAAYj4ADAAAAAAAY
j4ADAAAAAAAYj4ADAAAAAAAYj4ADAAAAAAAYj4ADAAAAAAAYj4ADAAAAAAAYj4ADAAAAAAAYj4AD
AAAAAAAYj4ADAAAAAAAYj4ADAAAAAAAYj4ADAAAAAAAYj4ADAAAAAAAYj4ADAAAAAAAYj4ADAAAA
AAAYj4ADAAAAAAAYj4ADAAAAAAAYj4ADAAAAAAAYj4ADAAAAAAAYj4ADAAAAAAAYj4ADAAAAAAAY
j4ADAAAAAAAYj4ADAAAAAAAYj4ADAAAAAAAYj4ADAAAAAAAYj4ADAAAAAAAYj4ADAAAAAAAYj4AD
AAAAAAAYj4ADAAAAAAAYj4ADAAAAAAAYj4ADAAAAAAAYj4ADAAAAAAAYj4ADAAAAAAAYj4ADAAAA
AAAYj4ADAAAAAAAYj4ADAAAAAAAYj4ADAAAAAAAYj4ADAAAAAAAYj4ADAAAAAAAYz5noCQAAzFJf
X6/Kysqwzh02bJiSk5NjNnZTU5O2bt0a1rlDhw5VSkpKzMYeCLZs2aLm5uYez0tNTdWQIUP6YEYA
AACxQ8ABAIjIO++8owsuuCCsc2fMmKHp06fHbOzFixfr2GOPDevcpUuX6oADDojZ2APBzTffrNmz
Z/d43oUXXqjnnnuuD2YEAAAQO2xRAQDEzR133KE1a9YkehoAAADYAxBwAADiprm5Wbfddpssy0r0
VAAAADDAsUUFABBXc+fO1RVXXKFzzjkn0VNBHLjdbr300kthnXvmmWdSFwUAAMQNAQcAIO6mT5+u
yZMnKzs7O9FTQYy1traGXZOlsrKSgAMAAMQNW1QAAHG3atUq/fWvf030NAAAADCAEXAAAPrE3Xff
rWXLliV6GgAAABigCDgAAH2io6NDt956q7xeb6KnAgAAgAGIgAMA0Gfmz5+vuXPnJnoaAAAAGIAI
OAAAfeqWW25RdXV1oqcBAACAAYaAAwDQpzZt2qQZM2YkehoAAAAYYAg4AAB9bsaMGVq0aFGipwEA
AIABxJnoCQAA9kzTp0/Xm2++Kaez//9T5Ha7tXr1ai1btkybNm3S1q1b1djYqPb2dqWlpSkrK0tD
hw7VyJEjNWHCBA0ZMiTRU46Ljo4Oud1uv2Otra1hv761tVUtLS3djiclJfXq+8CyLG3cuFFLly7V
hg0bVFpaqoaGBrW3tys1NVU5OTkaNmyYxowZowkTJqioqCjqsXaNF87nHezzsixLq1ev1uLFi7Vu
3Tpt3bpVTU1NSk5OVl5ensaMGaODDjpIEyZMkMPhCHteTU1N+vLLL7VixQpt2LBB9fX1crvdys/P
V35+vvbbbz9NnDix159/KF6vV+vWrev8WtTV1am+vl5NTU3KyspSdna2srOzNXr0aO27774aNWpU
RJ8jAACh9P/fKgEAA9J7772np556SldddVWipxLU119/reeff16zZs3Spk2bwn7dEUccocsvv1xT
p07VoEGD4jjDvnXHHXfoj3/8Y9SvHzZsWMDjf/7zn3XLLbdEfL3y8nI999xzevLJJ/XVV1+F/brT
Tz9dl112maZMmaL09PSIx62rq1NeXl6P582cOVM/+tGPOh83NTXp2Wef1cyZM7Vw4cIeXz9+/Hjd
fPPNuvzyy5WcnBz0vOXLl+vxxx/Xo48+qoaGhh6ve9FFF+kXv/iFjjjiiB7PDdeKFSv01FNP6Ykn
nlBZWVnYrysuLta0adN0ySWX6JBDDpHNZovZnAAAex62qAAAEubWW29VRUVFoqfRzapVq3TppZfq
4IMP1t133x1RuCFJn332mX72s59p77331h133KH6+vo4zXTP1NDQoLvuukt77bWXfv7zn0cUbkjS
66+/rmnTpumAAw7QnDlzZFlWXOZZVVXV+fG7776riRMn6tprrw0r3JCk7777Ttdcc41OP/10bdiw
odvzLS0t+t3vfqeDDjpI9913X1jhhiQ999xzOvLII3X99deH/ZpgysrKdMUVV2j8+PG6++67Iwo3
JKmiokL33nuvDj30UJ144olsXQMA9AoBBwAgYSoqKnTXXXclehqdLMvSI488ooMPPljPPvtsr6/X
0NCg3//+95o0aZI+++yzGMwQixYt0tFHH63bb7+91zfn69ev1yWXXKIrr7wyLiFUVVWVLMvSvffe
q5NOOkkrV66M6jrvv/++TjvtNL+QY9u2bTr33HP1hz/8QR0dHVFdd+bMmTr11FO1ZcuWqF7/yiuv
aNKkSXr66aejen1X77//viZOnKi77roroq1PAADsQsABAEioBx54QB9//HGipyG3262bbrpJ1113
nZqbm2N67ZUrV+r444/XCy+8ENPr7mnmz5+v4447Tt98801Mrztr1iydd955qq2tjel1KyoqdPfd
d2v69Om9vtbKlSt1zTXXqK2tTbW1tbrgggv09ttv9/q6n376qS6//PKIA4XZs2frnHPOiXjFRjhu
v/12ff/731djY2PMrw0AGNgIOAAAcXPiiSeGdd706dPV1tYW59kEZ1mWfvWrX+kvf/lL3MZobW3V
JZdcovnz58dtjIHsjTfe0Pnnn9/rVRvBfPDBB7r88stj+n34wgsv6Pbbb4/Z9d577z39+9//1v/8
z/9owYIFMbvuBx98oJkzZ4Z9/vz583XZZZfFbPxA5s6dqxtuuKFbUVsAAEIh4AAAxM1dd92lwsLC
Hs/79NNP9fjjj/fBjAKbOXOm7rvvvriP09HRoSuuuELLli2L+1gDybfffqtLLrkk6q0Y4Xr99dd7
VUS1q3hss7juuuv05JNPxvy699xzT1jbdCoqKnT99dfHfPxAnnrqKT322GN9MhYAYGAg4AAAxM2Q
IUPCvmH87W9/q82bN8d5Rt0tWbJEN954Y5+NV19fr6uvvjpgu1R019zcrKuuuqrPCrXeeeed+vLL
L/tkrP6koqJC77zzTo/nRVJIdOTIkfrlL3+phx56SP/85z/1l7/8RT/4wQ+UmZkZ9rxuu+02lZeX
h30+AGDPRptYAEBcXXnllZo1a5Y++uijkOfV1tbqjjvu6NOVHG63W7/4xS8iWhkwZswYTZ06VUOH
DlVmZqa2bdum5cuXa86cOWG/Y79w4UI9+OCDuvnmm6OdekJcfPHFOuaYY/yOtbS0aOrUqWG9fvbs
2crOzu52fOTIkUFfc//990fUJWXkyJG64IILNHr0aKWlpam2tlaLFy/WK6+8EnaNjd/+9rd6/fXX
Y96yND8/XxdeeKFGjhypvLw81dbWdrYi7s3qlJSUFJ1//vk65JBDlJWVpebmZq1YsULz5s1TZWVl
2Nd56623Qn4tq6qq9Oijj4Z1rRkzZuhnP/uZUlJSuj335z//Wb/+9a/DWp1RW1urOXPm6Oc//3lY
4wIA9nAWAAAReP755y1JYf23adMmy7Is64svvgj7NW+//XbQsRcsWBD2dZYuXdrj5zJv3rywr5ef
n2/NnTvXamtrC3ityspKa/r06WFfLzs72yovL4/uixClSy+9NKy5XXjhhWFfs6GhIezPubKyMqL5
lpaWWmlpaWFdOykpyXrggQes1tbWgNeqrKy0br755rDnumDBgqDzqqmpCfs6vnOrr68PeL2ysjJr
2rRpEV1z138//OEPrbKysqBfmzvvvDPsaw0dOtTyer1BP+/Zs2eHdZ277rorxFd1h46ODmvKlClh
Xe/II4/s8XoAAFiWZbFFBQAQd4cddphuuummsM6dPn16zLuYBBHJkoAAACAASURBVOL1ejVjxoyw
zs3NzdWHH36oCy64QC6XK+A5BQUFmjFjhv7+9//P3p0HyVbW9x//nP2cnp7pmbt4Wd2DghIgksIk
CFqlErVcUKKmSqMxVlxQCRWJgCXlwk8LUMslm6VxKZJQhJiqQAwkajQipUZjEJIQRCOhULjbrD3d
Z+/fH6dnGFDuPX26Zznd71fV1FR5n3nOg/dO9fRnvs/3+8lSey4tLenzn/982eNOpM985jOl/y1c
f/31uvDCC+V53i/887W/n7JNP//6r/+69DmPxPd9ffWrX9WFF16omZmZX7jmuOOO06c//Wmdd955
A+196aWX6lOf+pSOO+64X/jnzWZT73nPe3TxxReX2u/+++/X/v37H/XPy/aOedOb3nTUNbZt6/LL
Ly+137e+9a2RT7gBAIwnAg4AwJa49NJLdcIJJxx13e23364/+7M/2/Tz/Nu//Zu+853vlFr7iU98
Qk972tNKrX3rW9+qV73qVaXW/vmf//m2To/ZyTqdTunJHu985zt1/vnnH3WdYRi67LLL9IxnPOOo
a//yL/9yJGNKP/GJT+hZz3rWUdd5njdQL5izzz5b733ve0tdoykTOKx54IEHHvXP7r///qN+/d69
e7Vnz55SzzrjjDNKNSE+2rkAAFhDDw4AwJZY+w16mfGSV1xxhV72spfpSU960qadp+y41lNOOUWv
fOUrS+9rmqbe9a536frrrz/q2nvvvVff/va3de6555bef1Lceuutpd7UTk9Pl64OkqQgCPSOd7xD
r3vd6464bmVlRf/+7/8+9N/NBRdcUHptmeBlzWWXXfao1SqPdNJJJ+n4448v1Rz08OHDj/pnWZYd
9esPHjyoQ4cOlQo5LMvSNddcU2r07+zs7FHXAABAwAEA2DKvfOUrde211+rmm28+4rpOp6N3v/vd
uu6660be6FGSer2e/u7v/q7U2re85S2Pei3l0Zxxxhn6zd/8Td1yyy1HXfuv//qvBBy/wNe+9rVS
6373d39XxxxzzEB7n3POOaXWff/739/Sv5t9+/ap1WqVmhjzaNdSfhHDMHTKKaeUCjiOdCWo7DOv
vvpqXXXVVaW+d48WNAEAMAiuqAAAtoxlWbrqqqvkOM5R115//fX60pe+tCnnuP/++3XXXXeVWlv2
zfAjvexlLyu17pvf/Gal/cfdV7/61VLrXvjCFw689+Me97hSo0rvuOOOgfce1qBhTVllKyCOdGWq
bEXVNddcoze84Q364Q9/WGo9AACjQsABANhSp556qi699NJSa9/5zndqeXl55Gco+8Zr3759OuWU
Uyo949d//ddLrbv11lvpw/EIS0tL+t73vldq7amnnjrw/oZh6IlPfOJR15UNwUZp0Gqhsmy7XNFu
nueP+mfPe97zSj/v85//vJ7ylKfoJS95iT796U/rzjvvVBzHpb8eAIAquKICANhyf/iHf6jrrrtO
P/rRj4647u6779bHP/7x0pMvyirTLFEqpr+UfWP4SE94whNKrQvDUPv379djH/vYSs8ZR2WuUqz5
yEc+UukZDz744FHX/PCHP1Sv19uUa1J19PjHP16//du/reuuu67019x000266aabJEmtVkvPf/7z
dfbZZ+tXfuVXdMYZZ2hqamqzjgsAmEAEHACALddqtXTNNdeUmnzxgQ98QK94xSsqV1L8ImXe3EpF
c8aqms2mTj755FJVAAcPHiTg2ODAgQOl1370ox/dtHMsLCwojuPSzTwnwVVXXaWvfOUrOnjw4MBf
u7S0pBtuuEE33HCDpGL88itf+Uq96EUv0nOf+1wFQTDq4wIAJgxXVAAA2+KlL31pqQkTSZLo0ksv
PWLp/KDKTG2QpN27dw/1nLIjMI/U2HESjWI866hwfejhTjzxRN1www1Df29IRYD0qU99Si95yUv0
1Kc+VVdffTXjYAEAQyHgAABsC8Mw9MEPflC+7x917U033aQvfvGLI3t22TetjUZjqOe0Wq1S68Iw
HOo542YnhQplRqNOmnPPPVdf/epXddppp41sz/vuu0/vete79LSnPU0f/vCHN6X3DgBg/BFwAAC2
zS/90i/pfe97X6m1f/RHf6RDhw6N5Lm9Xq/UujLTXo6E4KKaNE23+wg4itNOO0233XabPvShDw0d
BG60sLCgSy65ROecc862TLEBANQbAQcAYFtdeOGFpSZh3HvvvXrve987kmeWqRqRhr86Uva30GXP
Myksy9ruI6CEqakpXXrppbrnnnt05ZVXlr6SVcYPfvADPfe5zyXkAAAMhIADALCtpqam9OEPf7jU
2h/84Acjeeb09HSpdWV7dTyastNaRvkb8HFA4FMvxx13nN797nfrf//3f3XjjTfq9a9/fenvsSM5
ePCgXve619GjBgBQGlNUAADb7vnPf75e+9rX6tprr92S5+3bt6/UuqONsT2S+fn50uNOH/OYx1R+
zjianZ0ttW7fvn268cYbN/Uso3ijPimazaZe/OIX68UvfrH+9E//VHfccYe++93v6tZbb9U//dM/
aWlpaeA9b7/9dl133XX6vd/7vU04MQBg3BBwAAB2hA984AO68cYbK70JGtSJJ55Yat13v/td9Xo9
GYYx8DP+7//+r9Q63/cJOB7huOOOK7Vu//79OvHEE3Xsscdu8okwqCAIdNZZZ+mss87S2972NkVR
pO9///v62te+ps9+9rP68Y9/XHqvv/iLvyDgAACUwhUVAMCO8LjHPU5XXnnlljzrpJNOKrXuRz/6
ke65555Kz/j2t79dat0555wjz/MqPWNcnXjiiZqbmyu19rbbbtvk02AUPM/Tr/3ar+nyyy/Xf/3X
f+m6664rHUx961vf0oMPPrjJJwQAjAMCDgDAjvHGN75RZ5111qY/54QTTtDJJ59cau3Xv/71Ss+4
+eabS607++yzK+0/zhzH0XnnnVdq7Wc/+9nSU3FQ3f79+4/6Ubb6yvM8vfrVr9bNN99cuv/Mvffe
O8TpAQCTgoADALBj+L6va665ZtOfYxiGXvGKV5Ra+8d//MdKkmSg/e+8807ddNNNpdaee+65A+1d
Z3mel177ghe8oNS6m2++WV/60peqHklSMZr07//+74faY5z1ej2deOKJOuaYY474cckllwy072mn
naY3velNpdaWnUgEAJhsBBwAgB3lWc96lt761rdu+nNe9KIXlVp355136vrrry+9b6/X00c+8pFS
a5/whCdsScXKZhpkpOsgb1LPO++80tNU3v72t+snP/lJ6b03WlhY0Gte8xq97GUv0z/+4z9W2mPc
GYah00477ajrvv3tbw8UYknSk570pFLrqNIBAJRBwAEA2HHe8573lJ50UtVZZ52lZz7zmaXWvu1t
b9Mdd9xRau1nPvMZfeELXyi19s1vfnPt+2/4vl86iBhkzO++ffv05je/udTae++9Vy9/+ct11113
ld5fKiZ0nHfeeevBxqtf/Wp961vfGmiPSVGm0ujOO+/UN77xjYH2LTtKedeuXQPtCwCYTAQcAIAd
55hjjtEHP/jBTX2GYRilS+qXlpb07Gc/W3/1V3+lbrf7C9ccOnRIl112mX7/93+/1J6tVkuve93r
Sp93pzIMQyeccEKpte973/sGCjkuvPDC0uHJ7bffrt/4jd/Qxz72MR0+fPhR1/V6Pd1xxx26+OKL
dcYZZ+i73/3u+p+trKzo/PPP13//93+XPuOkKHtl6O1vf3vpfhn79+8vPRr6yU9+cql1AIDJxphY
AMCO9NrXvlbXXntt5SafZbzkJS/Rc57zHH3ta1876tq1qwzHHnusLrjgAp1wwgmanZ3VoUOH9D//
8z+64YYbFIZh6WdfccUVm16lslVOOukk/ehHPzrqujvvvFOnn366zjnnHJ100kkKgkCLi4v62c9+
pq985Ss/t/7JT36yrrjiCl1++eWlzrGwsKCLL75Yl112mZ7//OfrzDPP1O7du+U4jpaXl/WTn/xE
//Iv/3LESo/9+/fr/PPP15e//GU99rGPLfXcSXDuuefqrLPO0ne+850jrvvP//xPPetZz9L73/9+
vfzlL1er1fq5Nb1eT9/73vd00UUX6ac//elRn33++eeXnqoDAJhsBBwAgB3JcRxdc801+tVf/dVN
e4Zt2/rYxz6mM888s3Qj0QceeECf/OQnh3ruWWedpbe85S1D7bGTnH322QP1r/jGN77xsKsMxx9/
/KOu/YM/+APdfPPNuvXWW0vvH4ahbrzxRt14442lv2ajH/7wh7rgggv05S9/+Re+QZ9Etm3ryiuv
1POe97yjrr3//vv1hje8QRdddJFe8IIX6OSTT9bMzIziONYDDzygW2+9Vf/xH/9R+tllq6IAACDg
AADsWGeeeabe+c536sMf/vCmPeOXf/mX9Sd/8idb9iaq1Wrps5/9rIIg2JLnbYXNbJQaBIE+//nP
6znPeY7uu+++TXvOIz3jGc/QzMzMlj2vDp773OcO9P24srKiv/mbvxnqmRdccEHpkcEAANCDAwCw
o73rXe/a9KsCb3zjGwcecVmF4zi67rrrdMopp2z6s7bSOeeco2c84xmbtv8Tn/hEffGLX9yyKz2v
ec1r9NGPflSGYWzJ8+rk/e9/v1784hdvybNOPvlkffKTn+TvAQBQGgEHAGBH27Nnj6666qpNfYZh
GPrQhz60qSFHo9HQDTfcULpZY53Ytq13v/vdm/qMM888U7fccsumN5u85JJL9JnPfGasKmxGKQgC
XXvttZv+7/jpT3+6brzxRh1zzDGb+hwAwHgh4AAA7Hi/9Vu/pRe+8IWb+gzLsnTVVVfpc5/7nKan
p0e696mnnqqvf/3reulLXzrSfXeS888/X+95z3s29Rmnn366vvnNb+pVr3rVyPc+4YQT9MUvflFX
X3117Uf3brZWq6W//du/1dve9rZN2f93fud39JWvfIXJKQCAgRFwAAB2vLXwwXGcTX2OYRh6/etf
rx/84Ad6/etfP/R+c3Nz+n//7//ptttu29RmqTvFFVdcoY9//OOb+ve0b98+XXfddfqHf/gHPfOZ
zxx6P9/3dckll+j73/++Xv7yl4/ghJOh0Wjok5/8pG655ZaR9WA5/fTTdcstt+gLX/jC2EwYAgBs
LQIOAEAtPP3pTy89LnRYT3jCE/S5z31Od911l6688ko95SlPGejrn/3sZ+tTn/qU7r77bl1++eUj
rwjZqWzb1jve8Q7dfvvtuuiii+T7fqmvO/XUUwd6jmEYetGLXqTbbrtNX//613XxxRfr2GOPHWiP
Zz7zmbrmmmt0zz336Oqrr9bevXsH+noUzjvvPH3zm9/UP//zP+tNb3rTwP8/Hnvssbrooot06623
6nvf+x4NRQEAQzF6vV5vuw8BAMBO1uv1dO+99+quu+7SfffdpwceeECrq6uK41i+72t6elonnHCC
Hv/4x+vpT386b5b7FhcXdccdd+jOO+/UoUOHtLS0JNd1tWvXLs3NzemJT3yiTj/9dO3evXvoZ6Vp
qh//+Me6++67df/99+vBBx9Up9NRHMdqNBpqNpvat2+fnvSkJ+nJT37ypjeunVRRFOnuu+/WPffc
o5/97Gfav3+/Op2OsizT9PS0pqenNTMzo8c//vF66lOfqsc97nEyTX7fBgAYDQIOAAAAAABQe0Tm
AAAAAACg9gg4AAAAAABA7RFwAAAAAACA2iPgAAAAAAAAtUfAAQAAAAAAao+AAwAAAAAA1B4BBwAA
AAAAqD0CDgAAAAAAUHsEHAAAAAAAoPYIOAAAAAAAQO0RcAAAAAAAgNoj4AAAAAAAALVHwAEAAAAA
AGqPgAMAAAAAANQeAQcAAAAAAKg9Ag4AAAAAAFB7BBwAAAAAAKD2CDgAAAAAAEDtEXAAAAAAAIDa
I+AAAAAAAAC1R8ABAAAAAABqj4ADAAAAAADUHgEHAAAAAACoPQIOAAAAAABQewQcAAAAAACg9gg4
AAAAAABA7RFwAAAAAACA2iPgAAAAAAAAtUfAAQAAAAAAao+AAwAAAAAA1B4BBwAAAAAAqD0CDgAA
AAAAUHsEHAAAAAAAoPYIOAAAAAAAQO0RcAAAAAAAgNoj4AAAAAAAALVHwAEAAAAAAGqPgAMAAAAA
ANQeAQcAAAAAAKg9Ag4AAAAAAFB7BBwAAAAAAKD2CDgAAAAAAEDtEXAAAAAAAIDaI+AAAAAAAAC1
R8ABAAAAAABqj4ADAAAAAADUHgEHAAAAAACoPQIOAAAAAABQewQcAAAAAACg9gg4AAAAAABA7RFw
AAAAAACA2iPgAAAAAAAAtUfAAQAAAAAAao+AAwAAAAAA1B4BBwAAAAAAqD0CDgAAAAAAUHsEHAAA
AAAAoPYIOAAAAAAAQO0RcAAAAAAAgNoj4AAAAAAAALVHwAEAAAAAAGqPgAMAAAAAANQeAQcAAAAA
AKg9Ag4AAAAAAFB7BBwAAAAAAKD2CDgAAAAAAEDtEXAAAAAAAIDaI+AAAAAAAAC1R8ABAAAAAABq
j4ADAAAAAADUHgEHAAAAAACoPQIOAAAAAABQewQcAAAAAACg9gg4AAAAAABA7RFwAAAAAACA2iPg
AAAAAAAAtUfAAQAAAAAAao+AAwAAAAAA1B4BBwAAAAAAqD0CDgAAAAAAUHsEHAAAAAAAoPYIOAAA
AAAAQO0RcAAAAAAAgNoj4AAAAAAAALVHwAEAAAAAAGqPgAMAAAAAANQeAQcAAAAAAKg9Ag4AAAAA
AFB7BBwAAAAAAKD2CDgAAAAAAEDtEXAAAAAAAIDaI+AAAAAAAAC1R8ABAAAAAABqj4ADAAAAAADU
HgEHAAAAAACoPQIOAAAAAABQewQcAAAAAACg9gg4AAAAAABA7RFwAAAAAACA2iPgAAAAAAAAtUfA
AQAAAAAAao+AAwAAAAAA1B4BBwAAAAAAqD0CDgAAAAAAUHsEHAAAAAAAoPYIOAAAAAAAQO0RcAAA
AAAAgNoj4AAAAAAAALVHwAEAAAAAAGqPgAMAAAAAANQeAQcAAAAAAKg9Ag4AAAAAAFB7BBwAAAAA
AKD2CDgAAAAAAEDtEXAAAAAAAIDaI+AAAAAAAAC1R8ABAAAAAABqj4ADAAAAAADUHgEHAAAAAACo
PQIOAAAAAABQewQcAAAAAACg9gg4AAAAAABA7RFwAAAAAACA2iPgAAAAAAAAtUfAAQAAAAAAao+A
AwAAAAAA1B4BBwAAAAAAqD0CDgAAAAAAUHsEHAAAAAAAoPYIOAAAAAAAQO0RcAAAAAAAgNoj4AAA
AAAAALVHwAEAAAAAAGqPgAMAAAAAANQeAQcAAAAAAKg9Ag4AAAAAAFB7BBwAAAAAAKD2CDgAAAAA
AEDt2dt9AABAvTy4/5AePHBQD+4/pAMH53Xw0LwOHJx/2Jrdu1raNTer3btaOv64fTr+2H06/rh9
23RiAAAATAIqOAAAAAAAQO1RwQEAKOWnP9svSdp/8LD2HzikBw8c0vJyW6udrrIse9jaTjeSZa0o
yzPZtiXTLPL0IPAV+J6CwN/y8wMAAGC8EXAAAEr56QNFwHHg4GHtP3BYBw7OK4xiRXGsLM8ftrYb
hsqyTN1uKNMowo08z7Vrrri6QsABAACAUSPgAACUslbBceDQvA4enNeBQ/OPurbbLcKNNXkvV5oW
VR6B70tzrc09LAAAACYOAQcAoJTD80uSpHa7oyhOSn9dGMdaXm5LKq6ozEw31e2GsixLlmXKsqxN
OS8AAAAmCwEHAKCU+YVFSUV/jTgpH3BEUawltRVFsWamm9o1N6tOGMlzHLmuQ8ABAACAkSDgAACU
slbBkWXZz/XcOJIoihVFsZYlzc219Ji9q+vXVyzLlORswmkBAAAwaRgTCwDYMt0w0vz8on76s/2a
X1hUN4y2+0gAAAAYE1RwAAC2TLcban5hSZZdXEtp0HAUAAAAI0LAAQDYMt2wCDjiJFHg+9q9i3AD
AAAAo0HAAQAoZe+eXZKkTrerTidUp9sdeI80zdSNimsp7dVVrbQ7arc7sm1Ltm3Ltmk4CgAAgGoI
OAAApezdMydJWli0lGVZxYAjVRgWn9v9cGNldVWB58n3RcABAACAygg4AAClrFVwZFleKdyQigqO
NM0kqajeWF1Vu92RJNk2L0kAAACojp8mAQClPKYfcIRhpKXlFVmWpV6vt/4xqDCKtLi0ogf3H9Ke
bE6ObavZbIz62AAAAJgQBBwAgFL27i0CjqXltoLAl2Wayns95XleLeAIIy0uLvf7b1ianiLcAAAA
QHUEHACAUtYqOA4emlfD92VZlpRl6hlGpf3WKjjSLFNzamq9xwcAAABQBQEHAKAUyyoagAa+r1ar
qb17do1sosrySlsLi8uaX1iU67hyXUeu64z0/AAAABhv5nYfAABQD5ZlyrJMBYGv1sy09u6Z08x0
U55XLYgoJqpEWlld1fLyihaXVnR4fknt1VXFcTLi0wMAAGDcUcEBAChlvYIj8PoBx66RTVRZWmlr
cXFZ89NTktSv3qAnBwAAAMoj4AAADMR3Xc3MNJVlmbqjmqgSxlpcWpbrOjIMQ4HvqTWTyTCM9Q8A
AADgSAg4AAAD8TxXremmbNvS0vKKDo5oosrC0oqyvCffLypEsiyXaRoyTZOAAwAAAEdFwAEAGIjn
ubJtW1NTwUgnquSLPXU6oWZnpvWYvbuVZZkkS4YxeGACAACAyUOTUQDAQAzDkGkasixLU42Gdu+e
1fHH7dOuXbMKfK/SnnneU5qliuNE7U5Hi4vLOnBoXsvLbUVRPOL/AgAAAIwjKjgAAAMpAg5ThtFT
cyrQ7l2ziqJYBw7NK8sytVc7A++Z57nStPi8utrVwtKyDh6cVzrXkmWZajSCTfgvAQAAwDgh4AAA
DGRj08+pqYZ275qVYRiVww2pCDbyPJckrXY6Wlxcke95sixLjYY/srMDAABgfBFwAAAqcx1H081i
tOvySluLSytqNhv9EbDp+hjYQURRrOWVdlG5EfhqtaaVZUxUAQAAwJERcAAAKnNdR0015LqOFpdW
NDOzpOmpKXWjSGGoagFHnGh5pa00yzTbmlY3DJmoAgAAgKMi4AAAVOa6jlzXkSTNLyxqZrqpZrMh
SUrTtNKeURQrTVOtdrp6zJ5d6nZDJqoAAADgqJiiAgAYCd/zNNua1jH79mi2NS3fqzZRpdfrKc97
yrJMnU5XC4vLenD/IS0uLSsMmagCAACAX4wKDgDASPi+p9nZmX7/jUwrFRuOFgFHrl7PUKcbamFx
SQ8eOKjdu+aK0bRTTFQBAADAzyPgAACMxFoFh21Zaq+u6uChhUr79Ho99XrFVZS1Cg7Htotwg3Gx
AAAAeBQEHACAkbBtS0H/WkpzakrTzcbQE1XCONbycluS1GgEmm1NK46T9YajpslNSwAAABQIOAAA
I2Hbtny/+NzshxtDT1SJYi2prSiKNduaVnt1l6I4lmPbsm0RcAAAAGAdAQcAYCRs25JtW5JUVG9M
TY1kokoUxVqWtGfPLq2udhTHiSTCDQAAADwcPx0CAEZuVBNVNup0uzp0eEH33f+ADh1eUKfbHcFJ
AQAAMC6o4AAAjNyoJqps1OmEOnR4UaZpKk33yXNdzbZmRnBaAAAAjAMCDgDAyI1qospGaxUcYRTJ
dV3NzU6P4KQAAAAYFwQcAICR2zhRZWa6qdnWtHbNtRTHieIkWe+jMYg0zdSNIklSe3VVK+2O2u1O
v/eHvd7/AwAAAJOJgAMAMHIbJ6rMzDQ1NzujXXMttVeLUKJawJH2p7GkavfDjZXVVQWe138WAQcA
AMAkI+AAAIzcxokqGys4JBXhxurge67185BUVG+srqrd7vSfx8sZAADApOMnQgDApmoEvnbNzSrL
MhmGoShKtLTcVq/XW/8YVBhFWlxa0YP7D2lPNifHttdH0gIAAGAyEXAAADZV4Pvavasl13UURYmW
l9uyTFN5r6c8z6sFHGGkxcXl9UqR6SnCDQAAgElHwAEA2FRB4Ml1HbVmprW0vKL9Bw7Lsiwpy9Qz
jEp7rlVwpFmm5tSU9u6ZG/GpAQAAUDcEHACATWUYhkzTkGQp8H21Wk3t3bNLnW5XnU6oTrc78J4b
J6osr6xoYXFZ8wuLch1XruvIdZ0R/1cAAABgpzO3+wAAgPFWBBymLMtUEPhqzUxr7545zUw35XnV
gohiokqkldVVLS+3tbi0osPzS2qvrlaa0AIAAID6o4IDALCpDMOQ0b+KEgReP+DYpSzLK1VvSA+f
qLK00tbi4rLmp6ckqV+9QU8OAACASUPAAQDYMr7ramamqSzL1A0jLS2vyLKs4SaqhLEWlpbluo4M
w1Dge2rNZOvBilGxzwcAAADqhYADALBlPM9Va7op27a0tNzWwcAfzUSVpRXleU++X1SIZFku0yyu
xhBwAAAATAYCDgDAlvE8V7Zta2oq0MFD82r4/kgmquSLPXU6oWZnpvWYvbuVZZkkS4YxeGACAACA
eqLJKABgy6xNVLEsS40g0NzcjI7Zt0ezszPyPbfSnnneU5qliuNE7U5Hi4vLOnBoXsvLbUVRPOL/
AgAAAOxUBBwAgC2zcaJKoxFobralY/bt1WxrWr7vVdozz3OlaaY4ibW62tXC0rIOHpzX0goBBwAA
wCThigoAYMtsbPrZaPiam51RkqbKskyrnWoTVfI8V57nkqTVTkeLiyvyPa+oEmn4Izs7AAAAdjYC
DgDAtlibqCJJ3W6o5ZW2gsBXlmXKsrzfR2MwURRreaVdVIgEvlqtaWUZE1UAAAAmAQEHAGBbeJ6r
lpryPFfLK23NLyyq4XuKkkRxnFQLOOJEyyttpVmm2da0umHIRBUAAIAJQcABANgWnufK81zNSFpY
WNKBg1MKguJKSZblkpKB94yiWGmaarXT1WP27FK3GzJRBQAAYELQZBQAsO0C39OuuVkdf9w+7Zqb
VVCx4Wiv11Oe95RlmTrdUEtLK0xUAQAAmBBUcAAAtl0Qy2ufygAAIABJREFU+Nq1q7V+LaUThtLC
0sD7FAFHrl7PULcbanG5rYMH55XOtdYntwAAAGA8EXAAALZd4PvaNdeS6zjqhqEOzw8ebkhFwNHr
FVdRumG/gsNnogoAAMAkIOAAAGw727YUeMW1lObUlKabDTWbDaVppjRNlaaDNxwNw1iLS8uSJM91
1Gw2FM8l6w1HTZNbmgAAAOOEgAMAsO1s25bvF5+b/XBjempK3ShSGKpawBFFWlwqPjebDe3aNaso
juXYtmxbBBwAAABjhoADALDtbNuSbVuSVFRvTE2p2WxIktI0rbRnGEYKw0haknbNzardXlUcF5NZ
CDcAAADGDz/hAQB2FN/zNDs7rWP27dHs7LR8r9pElY06na4OHV7Qffc/oEOHF9TpdkdwUgAAAOwk
VHAAAHYU3/c025pRmmRK00wr7c7Qe3a6oQ4dXpRpmkrTffJcV7OtmRGcFgAAADsFAQcAYEfxPU+z
rWnZlqX26qoOHloYes9Ot6jgCKNIrutqbnZ6BCcFAADATkLAAQDYUTZOVJmZbmp2dlq75lqK40Rx
kqz30RhEmmbqRpEkqb26qpV2R+12p9/7w17v/wEAAID6IuAAAOwoGyeqzMw0Ndea0a65ltqrRShR
LeBI+9NYUrX74cbK6qoCz+s/i4ADAACg7gg4AAA7ysaJKjPTTc22igoOSUW4sTr4nmmarY+aXWl3
1F5dVbvf28O2eSkEAAAYB/xUBwDYsQLf0+zsjOI4Ua8nhVGspeW2er3e+segumGo+YUl/fRn+zU9
PaXp5pSmp6c24fQABuE6jjzXles6Mk1Dpmky0hkAMBACDgDAjuX7nuZaMzJNQ2EUaWl5RZZpKu/1
lOd5tYCjG2p+fkmSNNNuama6qdVVxsYC263ZbKg51VCz2ZBj27JtEXAAAAZCwAEA2LF8z5M5a6jR
8LW01NaBg/OyLEvKMvUMo9Ke3TDS/MKiumGo9kxH7dWOVjsEHMB22xUXV9Fc15FEuAEAGBwBBwBg
xzJNQ7ZlS640NRVotjWjvXt2qdPtqtMJ1ekOHkxkWaYo6TcqNQwlaapuNxrxyQEMqr3a0fzCkqab
Dc22ZjQ7O6O51oykoroDAICjIeAAAOxYpmmul6lPNRqabU1r7545LSxayrKsYsCRK44TZVmuJM3U
7YZadtqbcHoAg3AXHLn9HhzHH/sYHZck6w2HCTgAAGUQcAAAdqyNTQbXKji6YaQsyyuFG1JRwZFl
maREXEwBdqY4LsKNmelm8T/s297zAADqgYADAFALvutqZqapLMvUDfsNRy1rqIkqAHamjdOOJOmX
nvS4bT4RAKAOCDgAALXgea5a003ZtqWl5RUdCvyhJ6oA2Jk2TjsCAKAsAg4AQC14nivbtjU1Fejg
oXkFvj/0RBUAO9PGaUcAAJRFwAEAqAXDMGSahiRLjSDQ3NyMjtm3R6udrlYZ9QqMlYdNOwIAoCQC
DgBALRQBhynD6KnR8DU329Ix+/bq8PyCsiwj4ADGyMZpRwAAlEXAAQCoBcMwZPSvojQageZmZ5Sk
KeEGMIY2TjsCAKAsAg4AQO2sTVSRpNXVjuYXlpioAowRy7JkWWbRZwcAgJIIOAAAteN5rlpqyvNc
zS8sKWCiCjBWLMuU6zryXGe7jwIAqBECDgBA7XieK89zNSPpwf2H1PA9JqoAY8SyLHmuoyDwt/so
AIAaIeAAANSaY1vyfU/NZkNRFCuK4/7dfQB1ZduWPM9Tc6qx3UcBANQIAQcAoNZs25bve5qempJh
GMqyXJHi7T4WgCHYVhFcThFwAAAGQMABAKi1tTdCzWZDWZ4pigg3gLqzbVu+51LBAQAYCAEHAKDW
TNOUbVlyHUeWZck0zUr7bJza4Ni2HKf4AFBeGMYKo0hhGA21j+PYajQCtWamR3QyAMAk4Cc3AECt
maYh27bkuLZs25JpVmsyuj61wXEUNAI1Al+NIBjxaYHxtri0rMUljSbgCALNtgg4AADlEXAAAGrN
2FDBYQ9ZweE5xdSG1nRTMzNNfnsMVBBGkbQ03B6O7Wiq4fM9CAAYCAEHAKDWbMuU67oKAl+u68qy
qgYcD+0zM9PUnl1z2rN7bsSnBcZPlmVKs1xZlml5pS3Hdobe07JMuQ5jYgEAgyHgAADUmmVZcl1H
jcCX6xZ9OCrtYxb7BL6vmemmdu+e1THH7BnxaYHxE8fJ+sfh+cWR9K6xLUuu66rheyM4IQBgUhBw
AABqbS3gCAJf3jABx4Z91io4jt23d8SnBcZPtxuq043U7YaaagQjCTjWeuJQwQEAGAQBBwCg1izT
XK+8cF1HVsUeHGmaqhtGarc7CsNIaZqO+KTAeErTTGEYqb3aURhFStOs0j62bcm2bdmW9dD3c8XA
EgAwmQg4AAC1ZlmWXMdVEHhyHbfyG6I0yxSGsUxzVWEYK8mqvUkDJk2SpgqjSCvtVXWHCAdt25bv
efJ9r99Tx6ncUwcAMJkIOAAAtbZeyp4N94YoTVOFYaQ8z6ngAAZQhIP9Co4wUloxHLQtS77vqTnV
KAIOhwoOAMBgCDgAALVmmqYc21LmOrLt6mNi87ynNEulWEqzVHneG/FJgfGUJqk63VBLyyvqdEMl
yTAVHK6aUw35nivb5sdUAMBgeOUAANSaaZqybUterwg4qvbgyPNcabr2OVOe5yM+KTCekiRVp9vV
8nJbnW53iICjX8HRbMj3Pdk21RsAgMEQcAAAas00Ddm2LcMoPpumUWmfPM/XQ400TQk4gJKSNFGn
U1RwdDuhkjSptI9tW/I9r1/BQcABABgcAQcAoNYMw+iHGpZs25LjOHJdR3nee1hoMYi1Ko44TmSa
pkzTqHz1BRh3aZopjIoJRN1hpqhY9iMqOPgxFQAwGH5aAwDUWhFwmLIsU7Zty3Fsua47fD+ONFWc
JP1qDvpxAI9mbUzsyurqUA16iysqrqanpuT7rhwajAIABkQ0DgCoNcMwZBjFtZSNFRySKl8zyfNc
aVZUcMhVPyjhzRbwiyT9CUTtdmeofWzbVkAFBwBgCLxyAADGhmVZxchY35ckZVkmafB+AFk/3Oh2
w2Jf05TkjPCkQL2laaY0TderN6peS1kLKA3DWP/ebTYbCujBAQCogIADADA2bMuU6zhqBF4/pIgr
7ZPmueI4VicMZVnmekUIgELar9roRpHCKFJS8VrK2hUz0+wHHIGv6akp2bZFBQcAYGC8cgAAxoZl
PlTBUVRgVPsN8MYKDtdxFGTVfjsNjKs0zdTtNxYdtoLDNA1ZliWvH3A0m40RnxYAMCkIOAAAY8M0
TdmWJddxZFnDNBnNlfSnqKRpxshY4BGSpD8admlFnU6oJKk+GtbzXHmuy2hYAMDQCDgAAGPDMI2i
0ahr96eoGJX2WZuiEsXFFJWMKSrAw8Rpqk6nq8XlFa12upWvqNi2Jd/zNDUV9BuLEnAAAKpjTCwA
YGxsrOCwh6zgSKngAB5VkhQBR1HB0VWSVAw4LFu+76o51ZDvu7ItfvcGAKiOgAMAMDZM05Bt23Jd
R7ZtV67gyLJccZKoG0aKk0RZRsABbJRl2SO+R6r14HAcW40gUGtmWo0gkOMQcAAAqiPgAACMDdM0
ZduWXNftX1Gp9jK31mQ07IaK40Q5TUaBh8mzXHGSKgxDJUlaOQR0HFuNhq/ZVlONhi+XgAMAMAQC
DgDA2CgCjo0VHFUDjlwJFRzAo8ry/qShMFIcJ8ry6hUcU1RwAABGhFcRAMDYsKz+mNjAl+sWk1Sq
eOjNW1HBUbX8HhgnvV5v/WPt+6Pd7qgbVR8TO6rvWQAAJAIOAMAYsU1Truuo4Xv9N0tDXFFJEnW7
YVHBUfG308A46fV6yvNced5TFBffHyurq0rTTGnFKSqW2Q84/H7AYRJwAACqI+AAAIyNjb8N9oZ4
s5RlueI4VtcyFccxV1QArQUcvfUeNd1uUcExDMsy5bpuv4LDrRxKAgAgEXAAAMaIaRpyNvTgsCpO
UcnzXEmayeqPic0YEwsoTTNFUawoihWG1a+lmKbZ/zDkea58rwg4PIcrKgCA4RBwAADGxtoUFc91
hpqikud58WbOKAKOnIADUJqmCsNI7U5n6IDDti3Zti3f8+T7nhq+J8uyqOAAAAyFgAMAMDYeGhM7
bMDRU5qm6vWKz3neG/FJgfpJ00zdKFK73VEYRUoq9t0wTWN92pHnufJ9T0Hgj/i0AIBJRMABABgb
pmnItmzJlRy7CDksy3rY9Icy1noNSJnSNFOSJIrjZL2svmpwAtRZkqbqdEItLa+o0wkrBxy2bRdV
G4Ev3/dk2/w4CgAYDV5RAABjo6jgKD47jt3vw2Eq709/GCzgyNXrGUrTVEmSKk4S2VZRVk++gUmU
JKk63a6WltvqdLtKkqoBhyXfczXdnJLvubLpuwEAGBECDgDA2FhrXihJjuPItooKDmWZekb5hqMb
qz3SNFOSporjRHLV3583ZJg8SZKo0+1XcHRDJUlSaR/bshX4nppTDfm+J4cKDgDAiPCKAgAYSxvv
+SeJoV6aKKvQE3HjSExJskxTkjPawwI1kKZZ0WS03VF3iCajjmOrEQRqzTTVCAI5Dj+OAgBGg1cU
AMBYMo1+w1HHUa/XU1Yl3ZCU5rniOFYnDGVZplyXcAOTKcmKgGNltT9FpeL3lOPYajR8tVrTajR8
Ag4AwMhwixgAMJZGNVFlYwVHFCeVgxKg7ooxsXExRSWMlVZsMlpUcPj9Cg4CDgDA6PCKAgAYS2vV
FkHgrYcUVeR5riQtvj5NM+V5PuKTAjtXnuf9j57iOFGcxMX3QlZ9fLJlWf3vTV+u6xR9cgAAGAEC
DgDAWLKs4npK4PuK40RWWO1NVJ73lKapojhRmqbKKr6pA+ooz3Olaaa032h3LeTI817lsM8y++Gj
7xUBB2OJAAAjQsABABhLGys4uv3+GVWsvcGjggOTaC3gK8KNeD3kGAYVHACAzULAAQAYSw97E7Xa
qfwmKs9zpVnaDzhSAg5MlLW+G51ud6i+G5ZlybJMWZalwPfkua5c15Fj2TLN8iOcAQA4EgIOAMBY
Kio4XAW+L9d1h6/gSGKlGRUcmCxpmimMIq20OwqjSEnF0bBrFVWe68j3XXmeJ89xZZpG5QbAAAA8
EgEHAGAsrffgCHy5TvUy+I0l+kUFBz04MDnSLFM3jNQecjSsZVny+hVVvu/J91xGLgMARo7IHAAw
lkY1JpYeHJhkSZKo0w21tLyiTjdUklTrv2HbljzPU3OqId/zZNv03QAAjB4BBwBgLFmGIdu25TmO
HNuWaVS75//QFRUCDkyeJEnV6XS1tNRWp9NVklTrwWFblnzf09RUQ77v0VgUALApCDgAAGNpdBUc
vYeajGZcUcFkSZL0ERUcFQMO25bvuf0KDle2zS1pAMDoEXAAAMbSxjv/w4yizLLiekq3GymOE2UV
exAAdZRmmcIwUrvdUTeMlFZsMuo4thqNQK2ZaTUagRyHgAMAMHq8ugAAxtLa1IZG4BVVHBWnqGR5
rjhO1bXCIuDgigomSDEmNtLK6qqiKFaaVavgcGxbjSDQbGtajSCQS8ABANgEvLoAAMaSZVnrUxpG
UcEhSXGcUsGBiZKkD1VwZFlWOeBzHEdTDb9fweHLsZmgAgAYPQIOAMBYMk1DtmVLruTYRR8Oy7LU
6/XWP8pY68GhuJgokaaZsiyTYRjrH8A4SdNMaZoqTTN1u6HipLialQ/wffNItm3J9zw1mw0FTFEB
AGwSAg4AwFgqmowWnx3Hlm3bskxTea+nPM8HCDhypWnxOUlTpWmqLMtlmoZM0yTgwNhZu5bSjSJ1
u6Gi/tWsQYLBR7LtYorK9NSUbNuiySgAYFPw6gIAGEumaa5PTnEcR7ZVVHAoy9QbIJTI83x9NOzG
Cg7JkmEwUQXjJ00zdaO1xqLhSJrrOrYt3y8qOAAA2CwEHACAsWeahmzblus6ShJDvTRRlfdrWd5T
mhYjYx2nJ8NwVLG1B7BjPTQ5aLhwY61Sw7aK6ylcSwEAbDYCDgDA2Cuuq1hyHUe9Xq/yG7biukqm
KElkGEblxqXATpbmueI4USeM1q+nVGHbtnzPk+8XH1xLAQBstmoz8wAAqBHT6AccbtFsdO3qyqDy
PFfa/+12kmXrV1eAcTKyCg6r6LvRnGoUAQeBIABgkxFwAADGnmWZch1HQeDJdRxZVrWXvyzLFcVx
/41frCwj4MD4SZJUnW6opeUVdbqhkiSttI/jOGoE/dGwgS/HYTQsAGBzEXAAAMaeZRXVG4Hvy3Wd
yldL1n6z3en/ZjsdsvEisBOlSapOt6vl5bY63e4QAYetRiNQq9VUoxHIcbiiAgDYXAQcAICxZ1lm
EXAEXj/gqFrBMZrSfWAnS9JEnU5RwdHthErSpNI+jmM/ooKDgAMAsLkIOAAAY2+9giMYtoKjaL64
PjqTHhwYE71eT3mePxTihWExJjaKlKbVp6isjYYtmozSgwMAsLmI0gEAY6+o4HD7V1Tc6hUceaY4
idXtRoqTmAoOjI21gCPPe4r6VUorq6tK00xpWu2Kim3Z8n1P01NT8n1PjsWPnQCAzcUrDQBg7FmW
1W8y6vebjI6ogoMmoxgTRcDRe9g1rHa7M9Setm0poIIDALCFCDgAAGPPNEc4JjYt3gCmKWNiMT7W
wrs4jocK7wzDWP9wHEee6yoIfHlDBIsAAJRFwAEAGHuWYci2bXmOI9u2ZRpGpX3WA46EgAPjpajc
iNUJo/4I5GrXrwzDkGmaMk1DrmPL81w1fE+WZVW+GgYAQFkEHACAsbexgsMZqoKjpzRL+yNiU+V5
b8QnBbZHluWKkv6EoCRROkQFh2kasixLTj/gCAJ/xKcFAOAXI+AAAIw9y7LkjWSKylp/gogxsRgr
SdIfDbu0otUhRsPatiXPc+W5Ln03AABbjoADADD2iikqjhqBV/ThqDxFJVccp+paoeI4ZUwsxkac
pup0ulpcXlGn01WSVJycYlvyPU9TU4F8z5NN3w0AwBYi4AAAjD3LKq6nSBpJBYckKjgwVpKkCDiW
loYMOCxbvu+qOdWQ77uybX7UBABsHV51AABjzzQN2ZYtucUbMNOs2mS06MGhWPTgwFhJ01RhFKu9
2lEYxUrTagGH49hqBIFaM9NqBIEchx81AQBbh1cdAMDYK5qMPtRsdLgxsQ9NU2GKCsZFmmYKw0jt
dkdhGClNq1UnOY6tRsPXbKupRsMn4AAAbCledQAAY68YW1mEGrZtDxVwrIUaaZoScGBspGmmMIr6
FRzDBRxTGyo4XAIOAMAW4lUHADBRiioOW67rKM97DwstBrFWxRHHST9AMSoHJ8B2WPu3n+c9RXGs
MIzUDcOiv0xeLeCwbVu+76nZbPSnqPCjJgBg6/CTGABgoqxdU3Fdd8jrKj2laao4SfrVHPTjQL08
FNLFiqJIYRQXI5CTRFlWrTrJtqx+k9GposkoU1QAAFuIWB0AMFFM01iv4JBU+ZpJnudK16aquOoH
JbyZQ32sh3Rxoih6qIJjGBsrOFzXoYIDALCleNUBAEwU27ble8UYy47RVZ7n66NfB7E2MrbbLd4Q
WqYpyRnxaYHNs/Hf8DBjj9d63JimIdd15DquXNeRM8TEIgAAqiDgAABMlKKE3lNzKqgcbkhSmueK
41idMJRlmesVIUBdZFnx778TRorjRGnFaylr175s25bnOnJdR57j0pcGALDlCDgAABPFtq31Co44
TtSxq10r2fjbb9dxFFT87TewXbIsU5T0KziSYSo4Hrr25bpu/zOBHwBg6xFwAAAmysYpKsOOjE36
U1TSNGNkLGonSVN1OqGWllfU6YRK0rTSPmt9NxqBz+QUAMC2om4QADBR1qeoOKOZohLFxRSVjCkq
qJkkSdXpdrW03Fan21WSVA04iqqo6eaUfM+VU7EqCgCAYRFwAAAmimkasq1+BccQTRAfGrFJBQfq
KUkSdbr9Co5uqCSp1o/GtmwFvqfmVKOo4LCo4AAAbA8CDgDARFmv4HCdoSo4sixXnCTqhlG/fwEB
B+olzTKFYaR2u6NuGClNq/XgcBxbjSBQa6apRhDIcQg4AADbg4ADADBRrH4PDs91h+rBsdZkNOyP
2MxpMoqaSdMi4FhZ7SgMI6UV/w07jq1Gw1erNa1GwyfgAABsG16BAAATZWMFhzNkBUdCBQdqLElT
hWGsdrvTv2pVrQdHUcHh9ys4CDgAANuHVyAAwESxTFOu6yjwfbmuI8uqGHDk/TGxYVHBUXXEJrCV
sixTluXKskxhGCuK4yLcyFLlFRvl2pYlv9+DI/A92RZNRgEA24OAAwAwUSyrmKASBJ5cx5VlVnsz
lmVZ0YOjGxYVHDkBB3a+LMsVx4miOFEYRgqjSHESK897lRvl2rYt3/M03Zxav/oFAMB24BUIADBR
LKtfwZENWcGR5YrjWF3LVBzHXFFBLWRZpigugrkwjBRFRQXHMBz7oQoOy7Iqf08BADAsAg4AwEQx
TVOObSnrT1GxhmgyGvXfGB44OC/bstXphqM8KjBycZysf/zsgf1aaa9W2se2Ldm2LduyNlz3smSa
hgyj2uhlAACGRcABAJgoa01Gvd4IxsTGRXPR/QcOq9sNdeDg4RGfFhittf4baZZppb2qlZWqAUdx
LcX3PQXBQ9VQhkHAAQDYPgQcAICJYpqGbNuWYRj9MbHV3owVzRozSQnhBibOwxqLBr5cp6jgAABg
OxFwAAAmimEY/VDDkm1bchxHruusN1ms2mgRmCRFs16n36zXJtwAAOwIdIECAEyUIuAwZVmmbNuW
49hyXXeo6yrApCma9dpDj1sGAGCUqOAAAEyUjT0CNlZwSKJ6AyjJsqxiGlHgrTcYBQBguxFwAAAm
1vqbNN+XpPWeGgCOzHFsNYJArZlpNYJAjsOPlACA7Uc9IQBgYtmWKddx1Ai8fpNEXhaBMhzHVqMR
aLY1rUYjkEvAAQDYAfhJDgAwsSzzoQoOz3VkmZTZA2U4tqOphl9UcDR8Obaz3UcCAIArKgCAyWWa
puz+NAjLoskocCRr/WsMw1gPBpvNhgLPk20TDgIAth8BBwBgYhmmUTQade3+FBVju48E7FhrE4hM
05DnOgoCX9NTU7JtS7bNj5QAgO3HqxEAYGJtrOCwqeAAjqgIOIwNE1SKCg4AAHYKAg4AwMSyLFOu
6yoIfLmuS5NR4Agcx5bve/I9T40Gk1MAADsPr0wAgIll938T3Qj6TUYt+ggAj2ZtNOzM9FQxGpZr
KQCAHYZfVQEAJtbGUnuXgAM4okdOTnEdJqcAAHYWoncAwMSyTHN9GoTrurLowQH83LQU13Hkuo72
7J7T3t1z2rNnl3bPtfT/2bvzOCfq+4/j75ybzd673CCiKCiKgGi19SiKFPBAUARErNZ61AuVttKK
/nx4i0fVYqnaqtWqFUQUb6WixQtFEDzL5col9y7L3rnm90fYaSZ7ZbNJdsO+no9HHpvJfuebb+ab
ycx85ntkZma0dVEBALAgwAEA6LAcDofcLrcyMzNowQHsFTlbSqYnQ9nZXmVnedW1c5G6dC5S185F
ys7OUqbH09ZFBQDAggAHAKDDCg8y6lJmMNzcnkFGAetsKZmZ4S4phQV56tqlk7p17aTuXTvL4XCw
vwAA2h0CHACADstut8vldCjodsnpjH+a2Mgm/Xm52crLy1F+bk6CSwukRrj1RrgFR3aW12zBkZ+X
q+wsrxwOh+z28PcdAID2hAAHAKDDstvtcjodyjDCAY54x+CIbNJfWJiv/Xt1V+/9eiS4tEBqNDYG
R6YnQ56M8HTKdf8HAKA9IcABAOiw7HabnE6nbLbwX7s9vgu2yCb9RQV5OqDPfjrisH4JLi0AAACa
QoADANBh1QUmJIecTodce+9Uh0KGQqGQQqFQTPkYhqFQyJAUVDAYUjAYVDAYtNwJBwAAQHIxOhQA
oMOq61ricNjldDrlcjnldrtbPB5HOMARsgQ3gsFwgMQwjCR+AgAAANShBQcAoMOKbF0R2YJDUsyt
N6RwgKMukFEX3AgGg5IcstkIcAAAAKQCLTgAAJDkdDj2DqTokdvtksPhiCufQDAkn8+v6uoa+Xx+
BYOxB0oAAAAQP1pwAAAgyeFwyO1yyZuZoWAwKJ/PF1c+detW1dTuzdcuyZXAkgIAAKAhtOAAAECS
w243W3BkuF1y2ONrwREMhuTzh1tw1PppwQEAAJAqBDgAAJBkt9vD3VRc4e4pLRlkNFIwGFStpYtK
MMElBQAAQEMIcAAAIMlut4UHGnU7986iEt/UruEuKn5V1dTK5/Mr0ILBSgEAABA/AhwAAEiyRbTg
cLamBUcoepBRWnAAAACkAgEOAAAUHgzU7XYrM9Mjt9u9d3DQlguFQgoEA+HWG8FAi6abBQAAQPwI
cAAAoP9NE+vNbN00saFQSIFAUD6/T4FAkAAHAABAihDgAABAe6eJdbuUmbl3FpW4AxyGAoG9LTgC
AYVCRoJLCgAAgIYQ4AAAQNZpYt1ulxxxjsERCARUU+tTRWWVamp9CgQCCS4pAAAAGkKAAwAA7W3B
4XIrMzNDbpc77hYcgWBQNTW1qqysUk1NLYOMAgAApIizrQsAAEB7EB5k1KXMYN0YHPG24AiqtrZW
FXabamprFQgQ4AAAAEgFAhwAAEiy2+1yOR0Kul1yOuOfJjYUCskfCMrh8zPIKAAAQAoR4AAAQOEA
h9PpUIYRDnDEOwZH3SwqtbZwgCNIgAMAACAlCHAAACDJbrfJ6XTKZgv/tdttceVTN4uKYRjMogIA
AJBCBDgAAJBks9n2BjUccjjscjgccjgcMgzDfMTCMIy9QY2gAoGg/H6/fD6/7Ha77HZb3F1fAAAA
0DTOsgAAUF2Aw24JbjjsdtntdtlssbfmCAc4QgoGQwoEAvL7A/L5/bTmAAAASDJacAAAoHCAoy6Q
URfccDgcUjAoo4UBjrrWHoFAUP5AQD6fX3Jrb+vhgWL0AAAgAElEQVSN+KafBQAAQNNowQEAQBRz
ytjM1k0ZGwwG5fP5VV1dI5/Pr2CQKWMBAACShRYcAABEcToccrvd8mZmSNLemVD8Lc4nEArJ5/Op
qqbGDJoAAAAgOWjBAQBAlMgWHBkJasFRSwsOAACApCLAAQBAFIfdEQ5weDLkcrvksMc3bkYoFJI/
EA5yBAJBhUKhBJcUAAAAdQhwAAAQxe6wy+1yyuPxyO1yxt2CIxQyFAgEVOsLz6ISZBYVAACApCHA
AQBAFIfDIbcr3ILD7XKFZ1OJQygUUoAWHAAAAClBgAMAgCh2u01Op1Nut0tOp1N2e+zTxEYKBkPy
+f2qrqmVz+9XMEiAAwAAIFkIcAAAEMVut8vpDM+k4nQ6ZLe3bpDRmr3TxIYYZBQAACBpCHAAABAl
HOCIbMERb4AjJD8tOAAAAFKCAAcAAFH+14LD1boWHKG908TWhFtwME0sAABA8hDgAAAgisMWHoMj
w9XaMTiC4TE4qmvCLThCBDgAAACSxdnWBQAAoL2JbMHhcjpkt8XfRcXn86naYZfP56OLCgAAQBIR
4AAAIIrD4VCG26XMTE+4m0orpon1B4Jy7J0mNsg0sQAAAElDgAMAgCgOh11ut0vezAy53S45HPG1
4AiFQgoEgqq1hQMcIQIcAAAASUOAAwCAKA5HuHuKpL0BjnhbcBgKBAIyjPDfUMhIZDEBAAAQgQAH
AABR7HabnA6n5JZczvBMKg6HQ4ZhmI9YGIaxN6gRVCAQlN/vl8/nl91ul91ui3t2FgAAANRHgAMA
gCjhQUbDf10up5xOpxx2u0KGoVAo1MIAR0iGYVMgEJDfH5DP75fT4dg7O0uSPwgAAEAHQoADAIAo
4RYW4eiDyxUeZNThcEjBoAxb7FPGRrb2CASC8gcC8vn8klt784+v6wsAAADqI8ABAEAT7HabnE6n
3G6X/H6bjIBfwWDL8wkGg/L5/KqurpEkOex2Sa7EFhYAAKADI8ABAEAT7Da7nE6H3C6XDMNQMJ7o
hqRAKCSfz6eqmhpzlhYAAAAkDr1/AQBoQng8jvCsKk6nI+6BQSNbcNT6/HEHSgAAANAwWnAAANCE
utYWmZkZZpAiHpWV1dq2Y5ckyevNlDfTI683M5FFBRKubjwau92mDLdLbpdbbrdLHo9bnowMeTwZ
bV1EAABMBDgAAGiCwxHunpLp8cjn88tRE9/AoJVVVdq+Q6qsqpbb5ZTL6ZLLxWEY7ZvT6ZTT6ZDT
4VR2tlc52V5lZ3uVn5er/DwR4AAAtCucWQEA0ITIFhzVe8fPiEdlZbUqK6ulHQkuIJBE7ohWG0WF
eSosyFdRYZ4kyZORIeW1cQEBAIhAgAMAgCY4HI69AQ6P3JVV4eligQ4iFDIUCAYkn1ReUSVJ8vl9
stlsstvscjjsyshwK8PtVkaGu41LCwDo6AhwAADQhHALDrcyPR653e64W3AA6SgUCikQCP+tqDTk
8/lVUVEluy08NofD6VBeTrZyc7MJcAAA2hwBDgAAmmCOwZHpkdvlogUHOpRQKKRQKCRJewfYDbfi
sDvCswvVjSOTkeGWctqqlAAAhHEbCgCAJiRqmlhgX+L3B1RVVaOyPeWqqqqR3x9o6yIBAECAAwCA
pjhsNjmdTmW4XHI5nbLbbG1dJKDN+f0BVVVXq6ysQlXV1QQ4AADtAl1UAABoAi04gPr8Ab+qqmpk
t9vDLTgC/rYuEgAAtOAAAKApDodDGXWzqLgZgwOoY7R1AQAAiEKAAwCAJoRnUXHJm5kRbsXBLCqA
Gd0wov4CANCW6KICAEATHI5w9xRJtOAAAABoxwhwAADQBLvdJqfDKbmlzIwMeb0eZWd7FQgEFQgE
FAgE27qIQMq53S5lZ3lVWJCn7CyvGQQEAKAt0c4WAIAmmIOMutzyeDLk9WYqJytLHk+GnE7uE6Bj
crtdys72qqgwT9nZXmUQ4AAAtAOcmQEA0AS73W7OnOLxZMibmansbK8kKRBgakx0TG63Szm04AAA
tDMEOAAAiJE3M1Odiwrk8/u0e3e5Ssv2yO1yyefzy+f3y+djqkzsW2w2m/nweNzyZGTI48lQt66d
1blToQoL8pWT7ZXb5W7rogIAQIADAIBYeb0edeqUL6fTIW9midwup+w2myoqq1RRUUWAA/scm822
txWTTVler/LzcpSfl6vuXTqpc+dCFRXmye1y04IDANAuEOAAACBG3sxMOZ0O5eZky+V2ym6zKxgK
SVI4uFHZxgUEEiwc4LDJ4XAoKytTRYUF6ta1k7p0KjRbcAAA0F4Q4AAAIEaRM6rk5eQoFDLkdrtU
VJiviooqVVRWJey9ampqVVNbq5oanwKBgPzB/83a0tDsLQ6HQw6HXQ6HQxlutzIyXMrIcMvtcivD
7eIOezuTLvVbNwaN3W5Tfl6u2YIjNzdbHjfdUgAA7QsBDgAAYhSeUSX8Nzc3W263S7k52UkZg2N3
2R7tLivX7rI94YvhGp9qampVXVurmho1cAFsl9vtUobLpdzcbOXmhB/Z2V5lZ3mVnZ2VsLKh9dKl
fi1jcGSEZxLyeDLkcbuVkUGAAwDQvhDgAAAgRpEzqtQFN5Jl67ad2rp9h7Zuy1BFRZXKKytVUeGQ
1PDsLQ6HQxkulzIzPcrPy1XnTgVmF4Kiwjy6ErQz1C8AAIlHgAMAgDYUCoX2PgxVVlWpsrJalVXV
2lWyW7tKdmtnSWm9O/zRd/clKRgMqtYfbkGyu2yPQqGQqqtrtbusXDt3lSo3N1s5e+/0Z2d5Zbfb
LAEbJEdT9buzpFS7SnYnsH6zzBYd1C8AoCMiwAEAQBsKhULmuAulpXu0fccubduxS3vKK7SnvFJ7
9lQ0OEZDtGAwJJ/Pr2AwpGDIUFV1jUrL9sibmaksb6a8mZnq1rWTunXtJJfLKZfTaXa3QfJQvwAA
pA4BDgAA2lAoZCgQCMjn86t0d5k2bt6q4vWbVF1do6qaWlVX18SUTzAYVDAYlOS3rON2u8xpPGt9
PrndLhUW5Eni4jcVqF8AAFKHAAcAAG2oorJKJSW7tau0TFu37VBJaZmqq2tU6/fvvaBtnVDIUCAY
kHzS7rJybd6yXZJUkJ+rwoI8FeTnWgaSRGJRvwAApA4BDgAA2lBFRaW2bNupDRt/VNmecu3eU6Gq
mtq9d+xDrc4/3EUi/Hd32R5JUlVVtfbr2U0Oh0O5OdnmeA1cACce9QsAQOoQ4AAAoA2VV1Zp67ad
WvP9hr3TzfoSOt1s3SCXUnhwyqqqGu3cVSqnw6Hc3Oy9rQgcstmMhL0n/of6BQAgdQhwAACQYj6f
f+/Frl979lSoqrpaPp9fgWBAoVDyLkQjuzNUVFVp9+492r6zRFmZmfJ6PfJ6M5P23h0J9QsAQNsg
wAEAQIr5fH5VVFapvKJSe8orVFlVLZ/fp1DIMO/GJ0Nkd4bKymqVlu3Rjh0lChTkyeGwcwGcINH1
W0X9AgCQEgQ4AABIMZ/fr/KKSpWUlu29w1+T0G4LjYnszlBZVaXdu8vlyciQw+GQ1+tJ+vt3FNH1
W0n9AgCQEswfBgBAitXd4S8pLVNFZVVKLn7bYxn2Ve1h27aHMgAAkGq04AAAIMX+d/G5e+/Fp6/N
yiBJRYX5XAAnkM/no34BAGgDBDgAAEgxn9+nioq9d9crquTzt8Edfr8//N4+f5uVYV9Vt22pXwAA
UosABwAAKRYMhuTz+VVdXaNan1/BYPIGnmxM5IwbgUByZ/foaNpd/SZ59hYAANoLAhwAAKRYMBiU
z+dTVXWtfD6fgsFgyssQOeNG+AI49Rfh+6pAe6vfQJD6BQB0CAQ4AABIsUDEHf5gMKhgG1x8Rs64
wQVwYgXbXf0SwAIAdAzMogIAAAAAANIeAQ4AAAAAAJD2CHAAAAAAAIC0xxgcAACkmNNhl9vtUmam
Rz6fTz6/P+UDUTocDjkcdjkcDrndLjkcjpS+/77MQf0CANAmCHAAAJBi4YtOt7yZGZK0dxBKf4rL
EL4Iz3C75Ha75HTQqDNRnNQvAABtggAHAAApFnmHPxgMyef3tUEZHMrYWwbu8CcW9QsAQNsgwAEA
QIq5nC55vR7l5eYoGAqppjb1F8But0vZWVnKy8tWdpZXbrcr5WXYV7W/+s2ifgEAHQLtFQEASDGX
yylvZqZyc7PlzcyUy5X6+w1ul0vZ2V4VFuQrOztLbhcXwInibHf166V+AQAdAgEOAABSLHwBHL7D
7830tM0FsNul7CyvCgvyaMGRYC7qFwCANkEXFQAAUszjdis3N1uSVF1doz3lFXvHawgqGAwlbcYN
u92+92GT15up3JxsFRbkKYcL4ISKrt/y8gqVUL8AACQdAQ4AAFIsI8OtPGUrI8OtPeUVKindLa8n
Q7V+v3y+5E0parfb5XQ65HQ6lZXpUW5utooK8pWZmUEXhgRqD/XrpX4BAB0QAQ4AAFIsI8OtjAy3
ciWVlpZp+44sZWZ6JEnBYPKmFLXbbXI6nXK7XZY7/A6HQw6mEU2Y9lC/WdQvAKADIsABAEAbyvJm
qkvnIvn8fpWUlGlXaZmCwaBCIUOhUEihUKhV+Ud2W8jPy1V+fq7y83LUvVtn5eZky+FwyG63yWaz
JegTIVKWN1NdqV8AAFKCAAcAAG0oKytTXbsUye0K33kPhoKqqKxSIBBQIKCEXADXdVvIz89Vj+5d
1LN7FxXk5yovN1sOh102GxfAyZKVlakuXYrkon4BAEg6AhwAALShLK9XLpdT+Xk5CoRCqqio0vad
pZJaf/ErWbst5OflqGf3LjrowN5yu13KcLnlcDha/R5oHPULAEDqEOAAAKAN2e02OR1OyS0VFeTJ
t18Pud1uVVVVq7KqWlXVNaqt9ZmPYKjhmTjqxllw2B1yuZzmI8vrVVZWprKzvOrerbMK8nPldrvk
cjhlt3NXP9moXwAAUocABwAAbSjcxSD8t7AgX26XS4UFedpTXqE9e8KPsrrn5RXy+fzyqf5MHA6H
XW6XKzyAaGamvF6PvJmZys/PUcHesRlyc7KVl5utDJdbdrtNdjsDTyZbo/W7tz6pXwAAEocABwAA
bahukEhJKnTnqbAgT5JUUlqmXSW7VVJaph07S2S32eX3ByQ1PBOHw+6Q2+1SpscTvtDNy1Zebo66
dCpU586F6tKp8H+tAOi2kDLULwAAqUNoHwAAAAAApD2bYRhGWxcCAAAAAACgNWjBAQAAAAAA0h4B
DgAAAAAAkPYIcAAAAAAAgLRHgAMAAAAAAKQ9AhwAAAAAACDtEeAAAAAAAABpjwAHAAAAAABIewQ4
AAAAAABA2iPAAQAAAAAA0h4BDgAAAAAAkPYIcAAAAAAAgLRHgAMAAAAAAKQ9AhwAAAAAACDtEeAA
AAAAAABpjwAHAAAAAABIewQ4AAAAAABA2iPAAQAAAAAA0h4BDgAAAAAAkPYIcAAAAAAAgLRHgAMA
AAAAAKQ9AhwAAAAAACDtEeAAAAAAAABpjwAHAAAAAABIewQ4AAAAAABA2iPAAQAAAAAA0h4BDgAA
AAAAkPYIcAAAAAAAgLRHgAMAAAAAAKQ9AhwAAAAAACDtEeAAAAAAAABpjwAHAAAAAABIewQ4AAAA
AABA2iPAAQAAAAAA0h4BDgAAAAAAkPYIcAAAAAAAgLRHgAMAAAAAAKQ9AhwAAAAAACDtEeAAAAAA
AABpjwAHAAAAAABIewQ4AAAAAABA2iPAAQAAAAAA0h4BDgAAAAAAkPYIcAAAAAAAgLRHgAMAAAAA
AKQ9AhwAAAAAACDtEeAAAAAAAABpjwAHAAAAAABIewQ4AAAAAABA2iPAAQAAAAAA0h4BDgAAAAAA
kPYIcAAAAAAAgLRHgAMAAAAAAKQ9AhwAAAAAACDtEeAAAAAAAABpjwAHAAAAAABIewQ4AAAAAABA
2iPAAQAAAAAA0h4BDgAAAAAAkPYIcAAAAAAAgLRHgAMAAAAAAKQ9AhwAAAAAACDtEeAAAAAAAABp
jwAHAAAAAABIewQ4AAAAAABA2iPAAQAAAAAA0h4BDgAAAAAAkPYIcAAAAAAAgLRHgAMAAAAAAKQ9
AhwAAAAAACDtEeAAAAAAAABpjwAHAAAAAABIewQ4AAAAAABA2iPAAQAAAAAA0h4BDgAAAAAAkPYI
cAAAAAAAgLRHgAMAAAAAAKQ9AhwAAAAAACDtEeAAAAAAAABpjwAHAAAAAABIewQ4AAAAAABA2iPA
AQAAAAAA0h4BDgAAAAAAkPYIcAAAAAAAgLRHgAMAAAAAAKQ9AhwAAAAAACDtEeAAAAAAAABpjwAH
AAAAAABIewQ4AAAAAABA2iPAAQAAAAAA0h4BDgAAAAAAkPYIcAAAAAAAgLRHgAMAAAAAAKQ9AhwA
AAAAACDtEeAAAAAAAABpjwAHAAAAAABIewQ4AAAAAABA2iPAAQAAAAAA0h4BDgAAAAAAkPYIcAAA
AAAAgLRHgAMAAAAAAKQ9AhwAAAAAACDtEeAAAAAAAABpjwAHAAAAAABIewQ4AAAAAABA2iPAAQAA
AAAA0h4BDgAAAAAAkPYIcAAAAAAAgLRHgAMAAAAAAKQ9AhwAAAAAACDtEeAAAAAAAABpjwAHAAAA
AABIewQ4AAAAAABA2iPAAQAAAAAA0h4BDgAAAAAAkPYIcAAAAAAAgLRHgAMAAAAAAKQ9AhwAAAAA
ACDtEeAAAAAAAABpjwAHAAAAAABIewQ4AAAAAABA2iPAAQAAAAAA0h4BDgAAAAAAkPYIcAAAAAAA
gLRHgAMAAAAAAKQ9AhwAAAAAACDtEeAAAAAAAABpjwAHAAAAAABIewQ4AAAAAABA2iPAAQAAAAAA
0h4BDgAAAAAAkPYIcAAAAAAAgLRHgAMAAAAAAKQ9Z1sXAB1LVVWVnn32WXP5wAMP1PDhw9uwRAAA
INorr7yibdu2mcsXX3yxbDZb3OmAVOJ8E+i4bIZhGG1dCLRvZWVlKi0t1Z49e5SXl6fCwkLl5OTE
ldfOnTvVuXNnc3nq1Kl66KGHElVUANCmTZtUVVWlAw88UE4ncXwgWiz7yLhx4/Tyyy+by4FAQA6H
I+50iS4f9g3JqmvON4GOi6MGGvTdd9/p1Vdf1dy5c7Vs2bJ6///pT3+qcePGacyYMerfv38blLDj
euKJJ/SPf/zDXL755pvjuivx2muv6Z577jGXMzMzNXfuXOXl5bU4L8MwdPHFF2vNmjXmaxMmTNBV
V13V4ryA1vjzn/+sa665RpI0duxYzZkzR263u41LBbTMc889p0ceeaTV+WRmZurtt9+2vNbe95H2
Xj4kDnUNIBkIcMBi165duv/++3XXXXc1me6TTz7RJ598ohkzZmj69OmaNm2aCgoKUlTKjm337t36
4IMPzOXq6uq48hkxYoT+7//+T1988YX52lNPPaWpU6e2OK93331XTzzxhLlcUFCgOXPmxFUuIF4+
n09//OMfzeWXX35ZH3/8sYYNG9Z2hQLiUFJSYvmdj1dRUZFlub3vI+29fEgc6hpAshDggOmHH37Q
WWedZbngbY7f79ftt9+ut99+W/Pnz1evXr2SWEJIqtf0N96mwBkZGbrllls0ZswY87U777xTU6ZM
UWFhYcz5hEIh3XnnnZbXbrzxRnXv3j2ucmHfN3fuXP3www/m8rRp0xLSNNnhcCgnJ0dVVVXma5mZ
ma3OF+1fsr5T+5r2vo+0tHzUe/qirgEkC78MkCQVFxdr1KhRWr16tfmax+PR5ZdfrlNPPVV9+vRR
bm6udu/ereLiYr3++ut65JFH5Pf7JUlLly7V6NGj9dZbb6lnz55t9TE6hEQFOCTptNNO06hRo/TW
W29JkrZt26a///3vuv7662PO480339R7771nLvft21eXXHJJ3GXCvu+1117TP//5T3P56quvTliA
4/HHH9cVV1yh0tJSXXvttfrJT37S6nzR/iXrO9VezJgxQ8cdd1yL17PbrZPltfd9pKXl29frfV9G
XQNIFn4ZIJ/Pp8svv9wS3DjxxBP1yCOP6NBDD7Wk7dKli/r166eRI0fq0ksv1W9+8xt99NFHkqSv
v/5a1157rZ5//vlWDzCGxkVv2+gT2Jaw2+26+eabzQCHJN1999264IIL1LVr12bXDwQCuv322y2v
3XLLLXEPQgu01mmnnaYffvhBoVCI3yHsM4YMGaLRo0cnJK/2vo+09/IhcahrAMkQ/5UR9hmPPPKI
ZRCy448/XvPnz68X3Ih2+OGH68UXX9RRRx1lvjZv3jzLtFxIvOg7Fq09KTj22GN14YUXmsulpaUx
D263YMECLVmyxJLXhAkTWlUeoLVsNhsny0AT2vs+0t7Lh8ShrgEkGgGODq68vNwyfoLH49Fjjz1W
b2CyxnTt2rXexfDMmTPNritIvOgWG61pwVFnxowZcrlc5vL999+vzZs3N7lObW1tvdYbt956qyUf
AAAAAEgVuqh0cK+88oq2bdtmLl9//fXNttyINnToUF155ZX6y1/+Ikn69ttv9e9//zuu5rRbtmzR
p59+qi1btqiyslIFBQU67LDDNHjwYHk8nhbn15BAIGAZqKqoqMgyA8zWrVu1ZMkSbd26VRUVFQkp
Q21trT7//HP98MMP2rlzp+x2uzp16qQDDzxQQ4YMadG0aIluwSFJBx10kK6//nrdcccdksKBr4cf
frjJ2XTmzZunFStWmMtnnnmmTjnllJjfM1HbpLa2Vhs3bjSX8/Ly1Llz52bXKykpUUlJibncs2fP
egOcRX9X8vPz1alTJ0nhGYcWL16sTZs2KRQKadiwYRo0aFBMZW7Ozp07tXTpUm3btk27du1SRkaG
OnXqpCOOOEL9+/ePq85DoZDWrFmjr7/+Wtu3b1d5ebmys7PVrVs3DRw4UAcffHBM+cSzTTZu3Kja
2lpznfLyckuexcXFlvreb7/9lJGR0eLPKEmbNm1STU2NuXzQQQfFtF5ZWZlWrlypNWvWqKysTHa7
Xfn5+Tr44IN1xBFHpKTbVXV1tZYuXapVq1Zp9+7dys3NVadOnTRo0KCYPoff79f69evN5c6dO5vT
PhuGoVWrVmnFihXauXOnAoGAunXrpgEDBmjgwIGy2WwN5lleXq4lS5boxx9/1I4dO5SVlaWePXtq
yJAh2m+//ZotU/T3pVu3bsrOzpYU/k5+9dVX+uabb7Rjxw7Z7XZ16dJFgwcPbnb68Xi/U6Wlpdq1
a5f5em5urrp06dLs55CkH3/80TIgYvfu3ZWVlRXTuu1JvPtIqjRVvlT9lqTyuJKofSJWwWBQxcXF
5nLdcaA5kfXSo0cPeb3eJtNHb8OCgoJ6N8/asq5Tcb7ZkNYca9pT3UVL1DlGQ4LBoJYtW6ZVq1Zp
x44d8ng86tatm37yk59YJjeI/I3OyspisPuOzECHNmbMGEOS+fj666/jymfx4sWWfK644ooG0+3Y
scOSburUqYZhGMb3339vTJkyxfK/yEf//v2NOXPmxP05myrDI488YhiGYRQXFxvnn39+QstQWlpq
3HLLLUbXrl0bzbdnz57GzJkzjT179sSU59NPP21Z/6OPPmrxNmjItm3bjM6dO5v5ejweo7i4uMG0
VVVVxqGHHmopx/Lly2N6n0RvkzVr1ljWveWWW2Iqx6xZsyzrffrpp/XSRH9XbrvtNsPv9xsPPPCA
4fV6Lf+7+eabY3rfpnzzzTfGpEmTDJfL1ei2Oeqoo4wXX3zRCIVCMeUZDAaNOXPmGMccc0yjeUoy
Tj75ZOPtt99uNr94tsnpp5/e5HtHP9asWRP3Nhw7dqwlr0Ag0Ozn+cMf/mDk5eU1Wp6CggLjxhtv
NHbu3Bl3uZpSVlZm3HfffUb37t0bLcNxxx1nvPfee03ms2HDBss6Tz75pBEKhYy3337bOProoxvN
+5hjjqlX96WlpcYNN9xgFBUVNbrehRdeaGzYsKHJMm3dutWyzvz5841QKGQsWLDAOPzwwxvNe9iw
YcZnn33WaL7xfqc++ugjy+ujR4+OqY5CoZAxcOBAcz2Xy2Vs3bo1pnXjEf37NG/evITlHes+kuh0
iShfqn5LknlcSdY+EatQKGQMGDDAkm9zampqLL9P//jHP5pd5/XXX7eU/4033qiXJpl13R7ON6PL
09pjTXuquzqJPseI/rzz5883+vfv32i+EyZMMFavXm0YhmGcddZZ5uuXXnppi94L+xYCHB1YdXW1
5YJkyJAhcefl9/stF8f9+vVr8AKsoQPOO++8Y+Tk5MR0ALv99ttb85EbLMP9999vLFy4sMmDTjxl
WLZsmXHAAQfEfHDu379/TAGm5557zrLekiVLWrtJTNEnZ9dcc02D6f7+979b0jUW0IqWjG2SygDH
jBkzjOnTpzdY1ltvvTWm923MY4891mRgI/rxm9/8xqiqqmoyz927dxuTJk2KOU9JxvXXX9/kBUo8
26S9BjiWL19u9O3bt0Xfx6+++irusjXk66+/NoYMGRJzGe64445G84oOcDz00EPGDTfcEHPeTz75
pGEYhvHVV181eaEV+ejVq5fx3XffNVqm6Iu5xx57zPjd734Xc5n++c9/NphvvN8pv99fLzjbXJCm
rp4i15k0aVKz67QGAY6G89sXAxyJ2idaYsaMGZY8t2/f3mT6Dz74wJJ+/Pjxzb7HjTfeaKZ3uVxG
SUlJvTSpDnCk+nyzTiKPNe2l7gwjOecYdQKBgHHdddfFlGdOTo7x3nvvGccff7z5GgGOjo0uKh3Y
d999Z2luG88UdHWcTqd+9rOfacGCBZKk1atXa9OmTc02Yf7Pf/6jxx57zGw6d9JJJ2nQoEHKzc3V
999/rwULFliaJd5444068cQTdcIJJ8Rd1mivv/66brrpJnNbJKIMy5Yt0+jRo7Vjxw7ztc6dO2vC
hAk64IADFAwGtW7dOs2ZM0dlZWWSpFWrVmnkyJF64403dMQRRzSadzLG4Kjzq1/9Sg8//LBWrVol
SXrooYd0xRVXqF+/fmaaiooKsyuLJHm9XhEFBFUAACAASURBVP3+979vNu9kbpNU+ec//6kNGzY0
+L/W1MMzzzyjSy+91PLaUUcdpZEjR6pbt26qqqrS0qVLNW/ePPP/jzzyiEKhkGbPnt1gl5Xq6mpN
njxZb7zxhvlaQUGBzjvvPA0cOFAej0fbt2/XwoUL9c4775hp7rnnHnXp0kW//e1vYyp7LNvk+OOP
V48ePczXFy1apLVr15rLv/71ry2fIRXN/jds2KAzzjjDMtbMoYceqjFjxqhHjx4KBAJatWqV/vWv
f5n7/6pVqzR27FgtXrzY8nni9c0332jEiBHasmWL+Vq/fv00btw49ezZU3v27NHHH39sqcMZM2ao
W7duuuiii5rN/9ZbbzW7Y3Tv3l0jR45Ur169FAgEtHz5cku9S9Kll16qzp0765prrtG6deskSQMH
DtQpp5yinJwcbd68WZ9//rlWrlxprrNp0yb96le/0gcffBDTlI0zZswwfwNycnJ0xhln6IADDpDP
59OXX35pGfBaks4//3x1795dw4cPt7we73fK6XTqwgsv1PTp083/vfPOO/r1r3/dZLkjp8KWpPHj
xzf7WZF47fG3pLUStU+0xEknnWQ5ji9dulSnnnpqo+kXLlxoWV6wYIF27drVZLeFyHKfdtpplq7A
sUh0XbfV+WaijzXtpe6SfY5x55136oEHHrC81rVrV40ZM0bdunVTSUmJVqxYoY8++kjl5eUaM2ZM
Qs+HkebaOsKCtvPKK69YIqCzZ89uVX6REV9JxtKlS+uliY6o1z1OPvnkBptebtmyxdLkTJIxefLk
VpUz2WUoLS21NCGUwne5y8vLG0w7depUS9qhQ4c22TVj3rx5lvTLli2Lb0M0Ys6cOZb8L7vsMsv/
H374Ycv/b7vttmbzTOY2SWULjrrHoEGDjCeffNJYvXq1sXv3bmPbtm3N3kVpzLp16yx3lDwejzF3
7lwjGAzWS7ty5Upj6NChlrL861//ajDfmTNnWtJNnDjR2LZtW4Np582bZ2k9kpOTY2zevLnBtInY
JtFdwZpridISsd5NvuiiiyzpbrrpJqO2trZeuh9//LHencQrr7yy1eXcvXu3pcuDJOPee+81qqur
66X95JNPjN69e5vpCgoKGqyf6BYcdY+//OUvDe5rK1eubLRZcU5OjvH888/X235+v994+eWX63Ux
e+uttxr8nNF3qyP3/x07dtRL/8033xjDhg2zpB04cKBRWVnZ5PZsyXfq22+/taQdOXJkk3kbhmGc
fPLJZnqv19voHc1EoQVHbPkl67cklS04krVPNKW8vNzSgvePf/xjo2mDwWC9Vk+SjJdeeqnRdTZv
3mxJ+9hjjzWYLpl13R7ONw0j8cea9lJ3yTrHMIxwa9/oMs+cObNenYdCIWPx4sXGoEGD6qWnBUfH
RoCjA3vmmWcsPwaNXSjF6v7777fkt3DhwnppGjrgjBkzxigrK2s03507d1q6v3i93gYvAmKV7DJE
NwmfMWNGk+UJhULG1VdfbVmnqe4OL730kiXtF198EdsHj5Hf7zdOOOEEy3t8+eWXhmEYRklJidGz
Z0/z9Z49exq7du1qNs9kbpNUBzhOP/30hF7cXHDBBZb8n3/++SbTb9iwwejVq5eZ/qCDDjL8fr8l
TUVFheX7OmTIkGZPhu+8805LOZ577rkG0yVim7R1gGPnzp2Wk63hw4c3eWJdUlJi9OvXz0zv8Xha
/R24+eabLeWcNWtWk+nffvvteifJ0RoKcDz77LNN5ltcXGx4PJ5667388stNrhcdaJ0+fXqD6Rq6
mHvooYeazHvXrl31gj913Wca09LvVPQF4/r16xtNG71dL7744ibzTgQCHMm56I1VqgMcydgnmjN5
8mQzr0GDBjWabsWKFfXKKzV9ARl9A+3bb79tMF2qAxypPt9M1rGmresumecYhmEYZ555piXtfffd
12TeW7ZsqdfVkwBHx0Zbng6srhtAndY25Ywe+Tk6/4Z07dpVs2fPVm5ubqNpioqKNGnSJHO5qqrK
MgJ5ayWyDDt27NCsWbPM5QEDBmjGjBlNvr/NZtNtt92m3r17m6898MADlpHYIyWzi4oUbsJ96623
[...]
</kw>
<arg>Sauce Labs Fleece Jacket</arg>
<arg>$ 49.99</arg>
<arg>0</arg>
<status status="PASS" start="2024-10-25T20:46:29.707823" elapsed="7.417700"/>
</kw>
<kw name="Limpar Carrinho e Deslogar" type="TEARDOWN">
<kw name="Click Element" owner="AppiumLibrary">
<msg time="2024-10-25T20:46:37.125523" level="INFO">Clicking element 'id=com.saucelabs.mydemoapp.android:id/removeBt'.</msg>
<msg time="2024-10-25T20:46:38.123980" level="INFO">criteria is com.saucelabs.mydemoapp.android:id/removeBt</msg>
<arg>id=com.saucelabs.mydemoapp.android:id/removeBt</arg>
<doc>Click element identified by `locator`.</doc>
<status status="PASS" start="2024-10-25T20:46:37.125523" elapsed="0.998457"/>
</kw>
<kw name="Click Element" owner="AppiumLibrary">
<msg time="2024-10-25T20:46:38.123980" level="INFO">Clicking element 'id=com.saucelabs.mydemoapp.android:id/menuIV'.</msg>
<msg time="2024-10-25T20:46:43.705610" level="INFO">criteria is com.saucelabs.mydemoapp.android:id/menuIV</msg>
<arg>id=com.saucelabs.mydemoapp.android:id/menuIV</arg>
<doc>Click element identified by `locator`.</doc>
<status status="PASS" start="2024-10-25T20:46:38.123980" elapsed="5.581630"/>
</kw>
<kw name="Click Element" owner="AppiumLibrary">
<msg time="2024-10-25T20:46:43.705610" level="INFO">Clicking element 'xpath=//androidx.recyclerview.widget.RecyclerView[@content-desc="Recycler view for menu"]/android.view.ViewGroup[1]/android.widget.TextView[2]'.</msg>
<msg time="2024-10-25T20:46:44.912749" level="INFO">xpath criteria: //androidx.recyclerview.widget.RecyclerView[@content-desc="Recycler view for menu"]/android.view.ViewGroup[1]/android.widget.TextView[2]</msg>
<arg>xpath=//androidx.recyclerview.widget.RecyclerView[@content-desc="Recycler view for menu"]/android.view.ViewGroup[1]/android.widget.TextView[2]</arg>
<doc>Click element identified by `locator`.</doc>
<status status="PASS" start="2024-10-25T20:46:43.705610" elapsed="1.207139"/>
</kw>
<status status="PASS" start="2024-10-25T20:46:37.125523" elapsed="7.787226"/>
</kw>
<status status="PASS" start="2024-10-25T20:46:29.707823" elapsed="15.204926"/>
</test>
<test id="s1-t5" name="TC005" line="34">
<kw name="Selecionar Produto">
<kw name="Set Variable" owner="BuiltIn">
<msg time="2024-10-25T20:46:44.912749" level="INFO">${img_produto} = xpath=//android.widget.ImageView[@content-desc="Sauce Labs Onesie"]</msg>
<var>${img_produto}</var>
<arg>xpath=//android.widget.ImageView[@content-desc="${product_name}"]</arg>
<doc>Returns the given values which can then be assigned to a variables.</doc>
<status status="PASS" start="2024-10-25T20:46:44.912749" elapsed="0.000000"/>
</kw>
<for flavor="IN RANGE">
<iter>
<kw name="Swipe" owner="AppiumLibrary">
<arg>${470}</arg>
<arg>${1876}</arg>
<arg>${457}</arg>
<arg>${1224}</arg>
<doc>Swipe from one point to another point, for an optional duration.</doc>
<status status="PASS" start="2024-10-25T20:46:44.912749" elapsed="1.593334"/>
</kw>
<var name="${counter}">0</var>
<status status="PASS" start="2024-10-25T20:46:44.912749" elapsed="1.593334"/>
</iter>
<var>${counter}</var>
<value>${swipe_count}</value>
<status status="PASS" start="2024-10-25T20:46:44.912749" elapsed="1.593334"/>
</for>
<kw name="Click Element" owner="AppiumLibrary">
<msg time="2024-10-25T20:46:46.506083" level="INFO">Clicking element 'xpath=//android.widget.ImageView[@content-desc="Sauce Labs Onesie"]'.</msg>
<msg time="2024-10-25T20:46:47.978902" level="INFO">xpath criteria: //android.widget.ImageView[@content-desc="Sauce Labs Onesie"]</msg>
<arg>${img_produto}</arg>
<doc>Click element identified by `locator`.</doc>
<status status="PASS" start="2024-10-25T20:46:46.506083" elapsed="1.472819"/>
</kw>
<kw name="Swipe" owner="AppiumLibrary">
<arg>${470}</arg>
<arg>${1876}</arg>
<arg>${457}</arg>
<arg>${1224}</arg>
<doc>Swipe from one point to another point, for an optional duration.</doc>
<status status="PASS" start="2024-10-25T20:46:47.978902" elapsed="1.591924"/>
</kw>
<kw name="Set Variable" owner="BuiltIn">
<msg time="2024-10-25T20:46:49.570826" level="INFO">${btn_adicionar_carrinho} = xpath=//android.widget.Button[@content-desc="Tap to add product to cart"]</msg>
<var>${btn_adicionar_carrinho}</var>
<arg>xpath=//android.widget.Button[@content-desc="Tap to add product to cart"]</arg>
<doc>Returns the given values which can then be assigned to a variables.</doc>
<status status="PASS" start="2024-10-25T20:46:49.570826" elapsed="0.000000"/>
</kw>
<kw name="Wait Until Element Is Visible" owner="AppiumLibrary">
<msg time="2024-10-25T20:46:50.736934" level="INFO">xpath criteria: //android.widget.Button[@content-desc="Tap to add product to cart"]</msg>
<arg>${btn_adicionar_carrinho}</arg>
<doc>Waits until element specified with `locator` is visible.</doc>
<status status="PASS" start="2024-10-25T20:46:49.570826" elapsed="1.166108"/>
</kw>
<kw name="Click Element" owner="AppiumLibrary">
<msg time="2024-10-25T20:46:50.736934" level="INFO">Clicking element 'xpath=//android.widget.Button[@content-desc="Tap to add product to cart"]'.</msg>
<msg time="2024-10-25T20:46:51.850235" level="INFO">xpath criteria: //android.widget.Button[@content-desc="Tap to add product to cart"]</msg>
<arg>${btn_adicionar_carrinho}</arg>
<doc>Click element identified by `locator`.</doc>
<status status="PASS" start="2024-10-25T20:46:50.736934" elapsed="1.113301"/>
</kw>
<kw name="Set Variable" owner="BuiltIn">
<msg time="2024-10-25T20:46:51.850235" level="INFO">${ico_carrinho} = xpath=//android.widget.RelativeLayout[@content-desc="Displays number of items in your cart"]/android.widget.ImageView</msg>
<var>${ico_carrinho}</var>
<arg>xpath=//android.widget.RelativeLayout[@content-desc="Displays number of items in your cart"]/android.widget.ImageView</arg>
<doc>Returns the given values which can then be assigned to a variables.</doc>
<status status="PASS" start="2024-10-25T20:46:51.850235" elapsed="0.000000"/>
</kw>
<kw name="Click Element" owner="AppiumLibrary">
<msg time="2024-10-25T20:46:51.850235" level="INFO">Clicking element 'xpath=//android.widget.RelativeLayout[@content-desc="Displays number of items in your cart"]/android.widget.ImageView'.</msg>
<msg time="2024-10-25T20:46:52.878777" level="INFO">xpath criteria: //android.widget.RelativeLayout[@content-desc="Displays number of items in your cart"]/android.widget.ImageView</msg>
<arg>${ico_carrinho}</arg>
<doc>Click element identified by `locator`.</doc>
<status status="PASS" start="2024-10-25T20:46:51.850235" elapsed="1.028542"/>
</kw>
<kw name="Set Variable" owner="BuiltIn">
<msg time="2024-10-25T20:46:52.878777" level="INFO">${lbl_nome_produto} = xpath=//android.widget.TextView[@resource-id="com.saucelabs.mydemoapp.android:id/titleTV"]</msg>
<var>${lbl_nome_produto}</var>
<arg>xpath=//android.widget.TextView[@resource-id="com.saucelabs.mydemoapp.android:id/titleTV"]</arg>
<doc>Returns the given values which can then be assigned to a variables.</doc>
<status status="PASS" start="2024-10-25T20:46:52.878777" elapsed="0.000000"/>
</kw>
<kw name="Element Text Should Be" owner="AppiumLibrary">
<msg time="2024-10-25T20:46:52.878777" level="INFO">Verifying element 'xpath=//android.widget.TextView[@resource-id="com.saucelabs.mydemoapp.android:id/titleTV"]' contains exactly text 'Sauce Labs Onesie'.</msg>
<msg time="2024-10-25T20:46:53.484520" level="INFO">xpath criteria: //android.widget.TextView[@resource-id="com.saucelabs.mydemoapp.android:id/titleTV"]</msg>
<arg>${lbl_nome_produto}</arg>
<arg>${product_name}</arg>
<doc>Verifies element identified by ``locator`` exactly contains text ``expected``.</doc>
<status status="PASS" start="2024-10-25T20:46:52.878777" elapsed="0.605743"/>
</kw>
<kw name="Set Variable" owner="BuiltIn">
<msg time="2024-10-25T20:46:53.484520" level="INFO">${lbl_preco_produto} = id=com.saucelabs.mydemoapp.android:id/priceTV</msg>
<var>${lbl_preco_produto}</var>
<arg>id=com.saucelabs.mydemoapp.android:id/priceTV</arg>
<doc>Returns the given values which can then be assigned to a variables.</doc>
<status status="PASS" start="2024-10-25T20:46:53.484520" elapsed="0.000000"/>
</kw>
<kw name="Element Text Should Be" owner="AppiumLibrary">
<msg time="2024-10-25T20:46:53.484520" level="INFO">Verifying element 'id=com.saucelabs.mydemoapp.android:id/priceTV' contains exactly text '$ 7.99'.</msg>
<msg time="2024-10-25T20:46:54.093462" level="INFO">criteria is com.saucelabs.mydemoapp.android:id/priceTV</msg>
<arg>${lbl_preco_produto}</arg>
<arg>${product_price}</arg>
<doc>Verifies element identified by ``locator`` exactly contains text ``expected``.</doc>
<status status="PASS" start="2024-10-25T20:46:53.484520" elapsed="0.608942"/>
</kw>
<arg>Sauce Labs Onesie</arg>
<arg>$ 7.99</arg>
<arg>1</arg>
<status status="PASS" start="2024-10-25T20:46:44.912749" elapsed="9.180713"/>
</kw>
<kw name="Limpar Carrinho e Deslogar" type="TEARDOWN">
<kw name="Click Element" owner="AppiumLibrary">
<msg time="2024-10-25T20:46:54.093462" level="INFO">Clicking element 'id=com.saucelabs.mydemoapp.android:id/removeBt'.</msg>
<msg time="2024-10-25T20:46:55.030656" level="INFO">criteria is com.saucelabs.mydemoapp.android:id/removeBt</msg>
<arg>id=com.saucelabs.mydemoapp.android:id/removeBt</arg>
<doc>Click element identified by `locator`.</doc>
<status status="PASS" start="2024-10-25T20:46:54.093462" elapsed="0.937194"/>
</kw>
<kw name="Click Element" owner="AppiumLibrary">
<msg time="2024-10-25T20:46:55.030656" level="INFO">Clicking element 'id=com.saucelabs.mydemoapp.android:id/menuIV'.</msg>
<msg time="2024-10-25T20:47:00.600356" level="INFO">criteria is com.saucelabs.mydemoapp.android:id/menuIV</msg>
<arg>id=com.saucelabs.mydemoapp.android:id/menuIV</arg>
<doc>Click element identified by `locator`.</doc>
<status status="PASS" start="2024-10-25T20:46:55.030656" elapsed="5.569700"/>
</kw>
<kw name="Click Element" owner="AppiumLibrary">
<msg time="2024-10-25T20:47:00.602850" level="INFO">Clicking element 'xpath=//androidx.recyclerview.widget.RecyclerView[@content-desc="Recycler view for menu"]/android.view.ViewGroup[1]/android.widget.TextView[2]'.</msg>
<msg time="2024-10-25T20:47:02.401035" level="INFO">xpath criteria: //androidx.recyclerview.widget.RecyclerView[@content-desc="Recycler view for menu"]/android.view.ViewGroup[1]/android.widget.TextView[2]</msg>
<arg>xpath=//androidx.recyclerview.widget.RecyclerView[@content-desc="Recycler view for menu"]/android.view.ViewGroup[1]/android.widget.TextView[2]</arg>
<doc>Click element identified by `locator`.</doc>
<status status="PASS" start="2024-10-25T20:47:00.600356" elapsed="1.800679"/>
</kw>
<status status="PASS" start="2024-10-25T20:46:54.093462" elapsed="8.307573"/>
</kw>
<status status="PASS" start="2024-10-25T20:46:44.912749" elapsed="17.488286"/>
</test>
<test id="s1-t6" name="TC006" line="35">
<kw name="Selecionar Produto">
<kw name="Set Variable" owner="BuiltIn">
<msg time="2024-10-25T20:47:02.410543" level="INFO">${img_produto} = xpath=//android.widget.ImageView[@content-desc="Test.sllTheThings() T-Shirt"]</msg>
<var>${img_produto}</var>
<arg>xpath=//android.widget.ImageView[@content-desc="${product_name}"]</arg>
<doc>Returns the given values which can then be assigned to a variables.</doc>
<status status="PASS" start="2024-10-25T20:47:02.410543" elapsed="0.000000"/>
</kw>
<for flavor="IN RANGE">
<iter>
<kw name="Swipe" owner="AppiumLibrary">
<arg>${470}</arg>
<arg>${1876}</arg>
<arg>${457}</arg>
<arg>${1224}</arg>
<doc>Swipe from one point to another point, for an optional duration.</doc>
<status status="PASS" start="2024-10-25T20:47:02.410543" elapsed="1.564989"/>
</kw>
<var name="${counter}">0</var>
<status status="PASS" start="2024-10-25T20:47:02.410543" elapsed="1.564989"/>
</iter>
<var>${counter}</var>
<value>${swipe_count}</value>
<status status="PASS" start="2024-10-25T20:47:02.410543" elapsed="1.564989"/>
</for>
<kw name="Click Element" owner="AppiumLibrary">
<msg time="2024-10-25T20:47:03.975532" level="INFO">Clicking element 'xpath=//android.widget.ImageView[@content-desc="Test.sllTheThings() T-Shirt"]'.</msg>
<msg time="2024-10-25T20:47:05.502926" level="INFO">xpath criteria: //android.widget.ImageView[@content-desc="Test.sllTheThings() T-Shirt"]</msg>
<arg>${img_produto}</arg>
<doc>Click element identified by `locator`.</doc>
<status status="PASS" start="2024-10-25T20:47:03.975532" elapsed="1.527394"/>
</kw>
<kw name="Swipe" owner="AppiumLibrary">
<arg>${470}</arg>
<arg>${1876}</arg>
<arg>${457}</arg>
<arg>${1224}</arg>
<doc>Swipe from one point to another point, for an optional duration.</doc>
<status status="PASS" start="2024-10-25T20:47:05.502926" elapsed="1.584718"/>
</kw>
<kw name="Set Variable" owner="BuiltIn">
<msg time="2024-10-25T20:47:07.088153" level="INFO">${btn_adicionar_carrinho} = xpath=//android.widget.Button[@content-desc="Tap to add product to cart"]</msg>
<var>${btn_adicionar_carrinho}</var>
<arg>xpath=//android.widget.Button[@content-desc="Tap to add product to cart"]</arg>
<doc>Returns the given values which can then be assigned to a variables.</doc>
<status status="PASS" start="2024-10-25T20:47:07.088153" elapsed="0.000000"/>
</kw>
<kw name="Wait Until Element Is Visible" owner="AppiumLibrary">
<msg time="2024-10-25T20:47:08.110312" level="INFO">xpath criteria: //android.widget.Button[@content-desc="Tap to add product to cart"]</msg>
<arg>${btn_adicionar_carrinho}</arg>
<doc>Waits until element specified with `locator` is visible.</doc>
<status status="PASS" start="2024-10-25T20:47:07.088153" elapsed="1.022159"/>
</kw>
<kw name="Click Element" owner="AppiumLibrary">
<msg time="2024-10-25T20:47:08.110312" level="INFO">Clicking element 'xpath=//android.widget.Button[@content-desc="Tap to add product to cart"]'.</msg>
<msg time="2024-10-25T20:47:09.284295" level="INFO">xpath criteria: //android.widget.Button[@content-desc="Tap to add product to cart"]</msg>
<arg>${btn_adicionar_carrinho}</arg>
<doc>Click element identified by `locator`.</doc>
<status status="PASS" start="2024-10-25T20:47:08.110312" elapsed="1.173983"/>
</kw>
<kw name="Set Variable" owner="BuiltIn">
<msg time="2024-10-25T20:47:09.284812" level="INFO">${ico_carrinho} = xpath=//android.widget.RelativeLayout[@content-desc="Displays number of items in your cart"]/android.widget.ImageView</msg>
<var>${ico_carrinho}</var>
<arg>xpath=//android.widget.RelativeLayout[@content-desc="Displays number of items in your cart"]/android.widget.ImageView</arg>
<doc>Returns the given values which can then be assigned to a variables.</doc>
<status status="PASS" start="2024-10-25T20:47:09.284295" elapsed="0.000517"/>
</kw>
<kw name="Click Element" owner="AppiumLibrary">
<msg time="2024-10-25T20:47:09.285917" level="INFO">Clicking element 'xpath=//android.widget.RelativeLayout[@content-desc="Displays number of items in your cart"]/android.widget.ImageView'.</msg>
<msg time="2024-10-25T20:47:10.391934" level="INFO">xpath criteria: //android.widget.RelativeLayout[@content-desc="Displays number of items in your cart"]/android.widget.ImageView</msg>
<arg>${ico_carrinho}</arg>
<doc>Click element identified by `locator`.</doc>
<status status="PASS" start="2024-10-25T20:47:09.284812" elapsed="1.107122"/>
</kw>
<kw name="Set Variable" owner="BuiltIn">
<msg time="2024-10-25T20:47:10.391934" level="INFO">${lbl_nome_produto} = xpath=//android.widget.TextView[@resource-id="com.saucelabs.mydemoapp.android:id/titleTV"]</msg>
<var>${lbl_nome_produto}</var>
<arg>xpath=//android.widget.TextView[@resource-id="com.saucelabs.mydemoapp.android:id/titleTV"]</arg>
<doc>Returns the given values which can then be assigned to a variables.</doc>
<status status="PASS" start="2024-10-25T20:47:10.391934" elapsed="0.000000"/>
</kw>
<kw name="Element Text Should Be" owner="AppiumLibrary">
<msg time="2024-10-25T20:47:10.391934" level="INFO">Verifying element 'xpath=//android.widget.TextView[@resource-id="com.saucelabs.mydemoapp.android:id/titleTV"]' contains exactly text 'Test.sllTheThings() T-Shirt'.</msg>
<msg time="2024-10-25T20:47:11.027920" level="INFO">xpath criteria: //android.widget.TextView[@resource-id="com.saucelabs.mydemoapp.android:id/titleTV"]</msg>
<arg>${lbl_nome_produto}</arg>
<arg>${product_name}</arg>
<doc>Verifies element identified by ``locator`` exactly contains text ``expected``.</doc>
<status status="PASS" start="2024-10-25T20:47:10.391934" elapsed="0.635986"/>
</kw>
<kw name="Set Variable" owner="BuiltIn">
<msg time="2024-10-25T20:47:11.027920" level="INFO">${lbl_preco_produto} = id=com.saucelabs.mydemoapp.android:id/priceTV</msg>
<var>${lbl_preco_produto}</var>
<arg>id=com.saucelabs.mydemoapp.android:id/priceTV</arg>
<doc>Returns the given values which can then be assigned to a variables.</doc>
<status status="PASS" start="2024-10-25T20:47:11.027920" elapsed="0.000000"/>
</kw>
<kw name="Element Text Should Be" owner="AppiumLibrary">
<msg time="2024-10-25T20:47:11.027920" level="INFO">Verifying element 'id=com.saucelabs.mydemoapp.android:id/priceTV' contains exactly text '$ 15.99'.</msg>
<msg time="2024-10-25T20:47:11.616215" level="INFO">criteria is com.saucelabs.mydemoapp.android:id/priceTV</msg>
<arg>${lbl_preco_produto}</arg>
<arg>${product_price}</arg>
<doc>Verifies element identified by ``locator`` exactly contains text ``expected``.</doc>
<status status="PASS" start="2024-10-25T20:47:11.027920" elapsed="0.588295"/>
</kw>
<arg>Test.sllTheThings() T-Shirt</arg>
<arg>$ 15.99</arg>
<arg>1</arg>
<status status="PASS" start="2024-10-25T20:47:02.410543" elapsed="9.205672"/>
</kw>
<kw name="Limpar Carrinho e Deslogar" type="TEARDOWN">
<kw name="Click Element" owner="AppiumLibrary">
<msg time="2024-10-25T20:47:11.619310" level="INFO">Clicking element 'id=com.saucelabs.mydemoapp.android:id/removeBt'.</msg>
<msg time="2024-10-25T20:47:12.623016" level="INFO">criteria is com.saucelabs.mydemoapp.android:id/removeBt</msg>
<arg>id=com.saucelabs.mydemoapp.android:id/removeBt</arg>
<doc>Click element identified by `locator`.</doc>
<status status="PASS" start="2024-10-25T20:47:11.618807" elapsed="1.004209"/>
</kw>
<kw name="Click Element" owner="AppiumLibrary">
<msg time="2024-10-25T20:47:12.623016" level="INFO">Clicking element 'id=com.saucelabs.mydemoapp.android:id/menuIV'.</msg>
<msg time="2024-10-25T20:47:18.090331" level="INFO">criteria is com.saucelabs.mydemoapp.android:id/menuIV</msg>
<arg>id=com.saucelabs.mydemoapp.android:id/menuIV</arg>
<doc>Click element identified by `locator`.</doc>
<status status="PASS" start="2024-10-25T20:47:12.623016" elapsed="5.467315"/>
</kw>
<kw name="Click Element" owner="AppiumLibrary">
<msg time="2024-10-25T20:47:18.090834" level="INFO">Clicking element 'xpath=//androidx.recyclerview.widget.RecyclerView[@content-desc="Recycler view for menu"]/android.view.ViewGroup[1]/android.widget.TextView[2]'.</msg>
<msg time="2024-10-25T20:47:19.366757" level="INFO">xpath criteria: //androidx.recyclerview.widget.RecyclerView[@content-desc="Recycler view for menu"]/android.view.ViewGroup[1]/android.widget.TextView[2]</msg>
<arg>xpath=//androidx.recyclerview.widget.RecyclerView[@content-desc="Recycler view for menu"]/android.view.ViewGroup[1]/android.widget.TextView[2]</arg>
<doc>Click element identified by `locator`.</doc>
<status status="PASS" start="2024-10-25T20:47:18.090834" elapsed="1.275923"/>
</kw>
<status status="PASS" start="2024-10-25T20:47:11.616215" elapsed="7.750542"/>
</kw>
<status status="PASS" start="2024-10-25T20:47:02.410543" elapsed="16.956214"/>
</test>
<kw name="Close Application" owner="AppiumLibrary" type="TEARDOWN">
<doc>Closes the current application and also close webdriver session.</doc>
<status status="PASS" start="2024-10-25T20:47:19.366757" elapsed="0.723277"/>
</kw>
<status status="FAIL" start="2024-10-25T20:45:00.977396" elapsed="139.112638"/>
</suite>
<statistics>
<total>
<stat pass="5" fail="1" skip="0">All Tests</stat>
</total>
<tag>
</tag>
<suite>
<stat pass="5" fail="1" skip="0" id="s1" name="Selecionar Produto Mobile Ddt">Selecionar Produto Mobile Ddt</stat>
</suite>
</statistics>
<errors>
</errors>
</robot>
